2021-04-03T14:41:18+00:00 CRITICAL Uncaught Error: Call to undefined function vibe_get_header() in C:\xampp\htdocs\Htschools\code\wp-content\themes\htschools\single.php:5
Stack trace:
#0 C:\xampp\htdocs\Htschools\code\wp-includes\template-loader.php(106): include()
#1 C:\xampp\htdocs\Htschools\code\wp-blog-header.php(19): require_once('C:\\xampp\\htdocs...')
#2 C:\xampp\htdocs\Htschools\code\index.php(17): require('C:\\xampp\\htdocs...')
#3 {main}
  thrown in C:\xampp\htdocs\Htschools\code\wp-content\themes\htschools\single.php on line 5

2021-04-03T14:41:22+00:00 CRITICAL Uncaught Error: Call to undefined function vibe_get_header() in C:\xampp\htdocs\Htschools\code\wp-content\themes\htschools\course\index.php:15
Stack trace:
#0 C:\xampp\htdocs\Htschools\code\wp-includes\template.php(730): require_once()
#1 C:\xampp\htdocs\Htschools\code\wp-content\plugins\buddypress\bp-core\bp-core-catchuri.php(493): load_template('C:\\xampp\\htdocs...')
#2 C:\xampp\htdocs\Htschools\code\wp-content\plugins\wplms_plugin\includes\vibe-course-module\includes\bp-course-screens.php(29): bp_core_load_template('course/index')
#3 C:\xampp\htdocs\Htschools\code\wp-includes\class-wp-hook.php(292): bp_course_directory_setup('')
#4 C:\xampp\htdocs\Htschools\code\wp-includes\class-wp-hook.php(316): WP_Hook->apply_filters(NULL, Array)
#5 C:\xampp\htdocs\Htschools\code\wp-includes\plugin.php(484): WP_Hook->do_action(Array)
#6 C:\xampp\htdocs\Htschools\code\wp-content\plugins\buddypress\bp-core\bp-core-dependency.php(388): do_action('bp_screens')
#7 C:\xampp\htdocs\Htschools\code\wp-includes\class-wp-hook.php in C:\xampp\htdocs\Htschools\code\wp-content\themes\htschools\course\index.php on line 15

2021-04-03T14:41:58+00:00 CRITICAL Uncaught Error: Call to undefined function vibe_get_header() in C:\xampp\htdocs\Htschools\code\wp-content\themes\htschools\single-post.php:3
Stack trace:
#0 C:\xampp\htdocs\Htschools\code\wp-includes\template-loader.php(106): include()
#1 C:\xampp\htdocs\Htschools\code\wp-blog-header.php(19): require_once('C:\\xampp\\htdocs...')
#2 C:\xampp\htdocs\Htschools\code\index.php(17): require('C:\\xampp\\htdocs...')
#3 {main}
  thrown in C:\xampp\htdocs\Htschools\code\wp-content\themes\htschools\single-post.php on line 3

2021-04-03T14:42:02+00:00 CRITICAL Uncaught Error: Call to undefined function vibe_get_header() in C:\xampp\htdocs\Htschools\code\wp-content\themes\htschools\single.php:5
Stack trace:
#0 C:\xampp\htdocs\Htschools\code\wp-includes\template-loader.php(106): include()
#1 C:\xampp\htdocs\Htschools\code\wp-blog-header.php(19): require_once('C:\\xampp\\htdocs...')
#2 C:\xampp\htdocs\Htschools\code\index.php(17): require('C:\\xampp\\htdocs...')
#3 {main}
  thrown in C:\xampp\htdocs\Htschools\code\wp-content\themes\htschools\single.php on line 5

2021-04-03T14:47:44+00:00 CRITICAL Uncaught Error: Call to undefined function vibe_get_header() in C:\xampp\htdocs\Htschools\code\wp-content\themes\htschools\page.php:3
Stack trace:
#0 C:\xampp\htdocs\Htschools\code\wp-includes\template-loader.php(106): include()
#1 C:\xampp\htdocs\Htschools\code\wp-blog-header.php(19): require_once('C:\\xampp\\htdocs...')
#2 C:\xampp\htdocs\Htschools\code\index.php(17): require('C:\\xampp\\htdocs...')
#3 {main}
  thrown in C:\xampp\htdocs\Htschools\code\wp-content\themes\htschools\page.php on line 3

2021-04-03T14:47:50+00:00 CRITICAL Uncaught Error: Call to undefined function vibe_get_header() in C:\xampp\htdocs\Htschools\code\wp-content\themes\htschools\course\index.php:15
Stack trace:
#0 C:\xampp\htdocs\Htschools\code\wp-includes\template.php(730): require_once()
#1 C:\xampp\htdocs\Htschools\code\wp-content\plugins\buddypress\bp-core\bp-core-catchuri.php(493): load_template('C:\\xampp\\htdocs...')
#2 C:\xampp\htdocs\Htschools\code\wp-content\plugins\wplms_plugin\includes\vibe-course-module\includes\bp-course-screens.php(29): bp_core_load_template('course/index')
#3 C:\xampp\htdocs\Htschools\code\wp-includes\class-wp-hook.php(292): bp_course_directory_setup('')
#4 C:\xampp\htdocs\Htschools\code\wp-includes\class-wp-hook.php(316): WP_Hook->apply_filters(NULL, Array)
#5 C:\xampp\htdocs\Htschools\code\wp-includes\plugin.php(484): WP_Hook->do_action(Array)
#6 C:\xampp\htdocs\Htschools\code\wp-content\plugins\buddypress\bp-core\bp-core-dependency.php(388): do_action('bp_screens')
#7 C:\xampp\htdocs\Htschools\code\wp-includes\class-wp-hook.php in C:\xampp\htdocs\Htschools\code\wp-content\themes\htschools\course\index.php on line 15

