2021-03-25T09:57:22+00:00 CRITICAL Uncaught Error: Call to undefined function wpfp_link() in C:\xampp\htdocs\Htschools-git\code\wp-content\themes\htschools\single.php:40
Stack trace:
#0 C:\xampp\htdocs\Htschools-git\code\wp-includes\template-loader.php(106): include()
#1 C:\xampp\htdocs\Htschools-git\code\wp-blog-header.php(19): require_once('C:\\xampp\\htdocs...')
#2 C:\xampp\htdocs\Htschools-git\code\index.php(17): require('C:\\xampp\\htdocs...')
#3 {main}
  thrown in C:\xampp\htdocs\Htschools-git\code\wp-content\themes\htschools\single.php on line 40

2021-03-25T09:57:25+00:00 CRITICAL Uncaught Error: Call to undefined function wpfp_link() in C:\xampp\htdocs\Htschools-git\code\wp-content\themes\htschools\single.php:40
Stack trace:
#0 C:\xampp\htdocs\Htschools-git\code\wp-includes\template-loader.php(106): include()
#1 C:\xampp\htdocs\Htschools-git\code\wp-blog-header.php(19): require_once('C:\\xampp\\htdocs...')
#2 C:\xampp\htdocs\Htschools-git\code\index.php(17): require('C:\\xampp\\htdocs...')
#3 {main}
  thrown in C:\xampp\htdocs\Htschools-git\code\wp-content\themes\htschools\single.php on line 40

2021-03-25T09:57:29+00:00 CRITICAL Uncaught Error: Call to undefined function wpfp_link() in C:\xampp\htdocs\Htschools-git\code\wp-content\themes\htschools\single.php:40
Stack trace:
#0 C:\xampp\htdocs\Htschools-git\code\wp-includes\template-loader.php(106): include()
#1 C:\xampp\htdocs\Htschools-git\code\wp-blog-header.php(19): require_once('C:\\xampp\\htdocs...')
#2 C:\xampp\htdocs\Htschools-git\code\index.php(17): require('C:\\xampp\\htdocs...')
#3 {main}
  thrown in C:\xampp\htdocs\Htschools-git\code\wp-content\themes\htschools\single.php on line 40

2021-03-25T09:58:07+00:00 CRITICAL Uncaught Error: Call to undefined function wpfp_link() in C:\xampp\htdocs\Htschools-git\code\wp-content\themes\htschools\single.php:40
Stack trace:
#0 C:\xampp\htdocs\Htschools-git\code\wp-includes\template-loader.php(106): include()
#1 C:\xampp\htdocs\Htschools-git\code\wp-blog-header.php(19): require_once('C:\\xampp\\htdocs...')
#2 C:\xampp\htdocs\Htschools-git\code\index.php(17): require('C:\\xampp\\htdocs...')
#3 {main}
  thrown in C:\xampp\htdocs\Htschools-git\code\wp-content\themes\htschools\single.php on line 40

2021-03-25T09:58:12+00:00 CRITICAL Uncaught Error: Call to undefined function wpfp_link() in C:\xampp\htdocs\Htschools-git\code\wp-content\themes\htschools\single.php:40
Stack trace:
#0 C:\xampp\htdocs\Htschools-git\code\wp-includes\template-loader.php(106): include()
#1 C:\xampp\htdocs\Htschools-git\code\wp-blog-header.php(19): require_once('C:\\xampp\\htdocs...')
#2 C:\xampp\htdocs\Htschools-git\code\index.php(17): require('C:\\xampp\\htdocs...')
#3 {main}
  thrown in C:\xampp\htdocs\Htschools-git\code\wp-content\themes\htschools\single.php on line 40

2021-03-25T09:58:18+00:00 CRITICAL Uncaught Error: Call to undefined function wpfp_link() in C:\xampp\htdocs\Htschools-git\code\wp-content\themes\htschools\single.php:40
Stack trace:
#0 C:\xampp\htdocs\Htschools-git\code\wp-includes\template-loader.php(106): include()
#1 C:\xampp\htdocs\Htschools-git\code\wp-blog-header.php(19): require_once('C:\\xampp\\htdocs...')
#2 C:\xampp\htdocs\Htschools-git\code\index.php(17): require('C:\\xampp\\htdocs...')
#3 {main}
  thrown in C:\xampp\htdocs\Htschools-git\code\wp-content\themes\htschools\single.php on line 40

2021-03-25T09:58:20+00:00 CRITICAL Uncaught Error: Call to undefined function wpfp_link() in C:\xampp\htdocs\Htschools-git\code\wp-content\themes\htschools\single.php:40
Stack trace:
#0 C:\xampp\htdocs\Htschools-git\code\wp-includes\template-loader.php(106): include()
#1 C:\xampp\htdocs\Htschools-git\code\wp-blog-header.php(19): require_once('C:\\xampp\\htdocs...')
#2 C:\xampp\htdocs\Htschools-git\code\index.php(17): require('C:\\xampp\\htdocs...')
#3 {main}
  thrown in C:\xampp\htdocs\Htschools-git\code\wp-content\themes\htschools\single.php on line 40

2021-03-25T09:58:22+00:00 CRITICAL Uncaught Error: Call to undefined function wpfp_link() in C:\xampp\htdocs\Htschools-git\code\wp-content\themes\htschools\single.php:40
Stack trace:
#0 C:\xampp\htdocs\Htschools-git\code\wp-includes\template-loader.php(106): include()
#1 C:\xampp\htdocs\Htschools-git\code\wp-blog-header.php(19): require_once('C:\\xampp\\htdocs...')
#2 C:\xampp\htdocs\Htschools-git\code\index.php(17): require('C:\\xampp\\htdocs...')
#3 {main}
  thrown in C:\xampp\htdocs\Htschools-git\code\wp-content\themes\htschools\single.php on line 40

2021-03-25T09:58:26+00:00 CRITICAL Uncaught Error: Call to undefined function wpfp_link() in C:\xampp\htdocs\Htschools-git\code\wp-content\themes\htschools\single.php:40
Stack trace:
#0 C:\xampp\htdocs\Htschools-git\code\wp-includes\template-loader.php(106): include()
#1 C:\xampp\htdocs\Htschools-git\code\wp-blog-header.php(19): require_once('C:\\xampp\\htdocs...')
#2 C:\xampp\htdocs\Htschools-git\code\index.php(17): require('C:\\xampp\\htdocs...')
#3 {main}
  thrown in C:\xampp\htdocs\Htschools-git\code\wp-content\themes\htschools\single.php on line 40

2021-03-25T10:02:21+00:00 CRITICAL Uncaught Error: Call to undefined function wpfp_link() in C:\xampp\htdocs\Htschools-git\code\wp-content\themes\htschools\single.php:40
Stack trace:
#0 C:\xampp\htdocs\Htschools-git\code\wp-includes\template-loader.php(106): include()
#1 C:\xampp\htdocs\Htschools-git\code\wp-blog-header.php(19): require_once('C:\\xampp\\htdocs...')
#2 C:\xampp\htdocs\Htschools-git\code\index.php(17): require('C:\\xampp\\htdocs...')
#3 {main}
  thrown in C:\xampp\htdocs\Htschools-git\code\wp-content\themes\htschools\single.php on line 40

2021-03-25T10:02:33+00:00 CRITICAL Uncaught Error: Call to undefined function wpfp_link() in C:\xampp\htdocs\Htschools-git\code\wp-content\themes\htschools\single.php:40
Stack trace:
#0 C:\xampp\htdocs\Htschools-git\code\wp-includes\template-loader.php(106): include()
#1 C:\xampp\htdocs\Htschools-git\code\wp-blog-header.php(19): require_once('C:\\xampp\\htdocs...')
#2 C:\xampp\htdocs\Htschools-git\code\index.php(17): require('C:\\xampp\\htdocs...')
#3 {main}
  thrown in C:\xampp\htdocs\Htschools-git\code\wp-content\themes\htschools\single.php on line 40

2021-03-25T10:02:46+00:00 CRITICAL Uncaught Error: Call to undefined function wpfp_link() in C:\xampp\htdocs\Htschools-git\code\wp-content\themes\htschools\single.php:40
Stack trace:
#0 C:\xampp\htdocs\Htschools-git\code\wp-includes\template-loader.php(106): include()
#1 C:\xampp\htdocs\Htschools-git\code\wp-blog-header.php(19): require_once('C:\\xampp\\htdocs...')
#2 C:\xampp\htdocs\Htschools-git\code\index.php(17): require('C:\\xampp\\htdocs...')
#3 {main}
  thrown in C:\xampp\htdocs\Htschools-git\code\wp-content\themes\htschools\single.php on line 40

2021-03-25T10:07:20+00:00 CRITICAL Uncaught Error: Call to undefined function wpfp_link() in C:\xampp\htdocs\Htschools-git\code\wp-content\themes\htschools\single.php:40
Stack trace:
#0 C:\xampp\htdocs\Htschools-git\code\wp-includes\template-loader.php(106): include()
#1 C:\xampp\htdocs\Htschools-git\code\wp-blog-header.php(19): require_once('C:\\xampp\\htdocs...')
#2 C:\xampp\htdocs\Htschools-git\code\index.php(17): require('C:\\xampp\\htdocs...')
#3 {main}
  thrown in C:\xampp\htdocs\Htschools-git\code\wp-content\themes\htschools\single.php on line 40

2021-03-25T10:07:23+00:00 CRITICAL Uncaught Error: Call to undefined function wpfp_link() in C:\xampp\htdocs\Htschools-git\code\wp-content\themes\htschools\single.php:40
Stack trace:
#0 C:\xampp\htdocs\Htschools-git\code\wp-includes\template-loader.php(106): include()
#1 C:\xampp\htdocs\Htschools-git\code\wp-blog-header.php(19): require_once('C:\\xampp\\htdocs...')
#2 C:\xampp\htdocs\Htschools-git\code\index.php(17): require('C:\\xampp\\htdocs...')
#3 {main}
  thrown in C:\xampp\htdocs\Htschools-git\code\wp-content\themes\htschools\single.php on line 40

2021-03-25T10:07:26+00:00 CRITICAL Uncaught Error: Call to undefined function wpfp_link() in C:\xampp\htdocs\Htschools-git\code\wp-content\themes\htschools\single.php:40
Stack trace:
#0 C:\xampp\htdocs\Htschools-git\code\wp-includes\template-loader.php(106): include()
#1 C:\xampp\htdocs\Htschools-git\code\wp-blog-header.php(19): require_once('C:\\xampp\\htdocs...')
#2 C:\xampp\htdocs\Htschools-git\code\index.php(17): require('C:\\xampp\\htdocs...')
#3 {main}
  thrown in C:\xampp\htdocs\Htschools-git\code\wp-content\themes\htschools\single.php on line 40

2021-03-25T10:11:21+00:00 CRITICAL Uncaught Error: Call to undefined function wpfp_link() in C:\xampp\htdocs\Htschools-git\code\wp-content\themes\htschools\single.php:40
Stack trace:
#0 C:\xampp\htdocs\Htschools-git\code\wp-includes\template-loader.php(106): include()
#1 C:\xampp\htdocs\Htschools-git\code\wp-blog-header.php(19): require_once('C:\\xampp\\htdocs...')
#2 C:\xampp\htdocs\Htschools-git\code\index.php(17): require('C:\\xampp\\htdocs...')
#3 {main}
  thrown in C:\xampp\htdocs\Htschools-git\code\wp-content\themes\htschools\single.php on line 40

2021-03-25T10:11:24+00:00 CRITICAL Uncaught Error: Call to undefined function wpfp_link() in C:\xampp\htdocs\Htschools-git\code\wp-content\themes\htschools\single.php:40
Stack trace:
#0 C:\xampp\htdocs\Htschools-git\code\wp-includes\template-loader.php(106): include()
#1 C:\xampp\htdocs\Htschools-git\code\wp-blog-header.php(19): require_once('C:\\xampp\\htdocs...')
#2 C:\xampp\htdocs\Htschools-git\code\index.php(17): require('C:\\xampp\\htdocs...')
#3 {main}
  thrown in C:\xampp\htdocs\Htschools-git\code\wp-content\themes\htschools\single.php on line 40

2021-03-25T10:11:28+00:00 CRITICAL Uncaught Error: Call to undefined function wpfp_link() in C:\xampp\htdocs\Htschools-git\code\wp-content\themes\htschools\single.php:40
Stack trace:
#0 C:\xampp\htdocs\Htschools-git\code\wp-includes\template-loader.php(106): include()
#1 C:\xampp\htdocs\Htschools-git\code\wp-blog-header.php(19): require_once('C:\\xampp\\htdocs...')
#2 C:\xampp\htdocs\Htschools-git\code\index.php(17): require('C:\\xampp\\htdocs...')
#3 {main}
  thrown in C:\xampp\htdocs\Htschools-git\code\wp-content\themes\htschools\single.php on line 40

2021-03-25T10:11:52+00:00 CRITICAL Uncaught Error: Call to undefined function wpfp_link() in C:\xampp\htdocs\Htschools-git\code\wp-content\themes\htschools\single.php:40
Stack trace:
#0 C:\xampp\htdocs\Htschools-git\code\wp-includes\template-loader.php(106): include()
#1 C:\xampp\htdocs\Htschools-git\code\wp-blog-header.php(19): require_once('C:\\xampp\\htdocs...')
#2 C:\xampp\htdocs\Htschools-git\code\index.php(17): require('C:\\xampp\\htdocs...')
#3 {main}
  thrown in C:\xampp\htdocs\Htschools-git\code\wp-content\themes\htschools\single.php on line 40

2021-03-25T10:12:01+00:00 CRITICAL Uncaught Error: Call to undefined function wpfp_link() in C:\xampp\htdocs\Htschools-git\code\wp-content\themes\htschools\single.php:40
Stack trace:
#0 C:\xampp\htdocs\Htschools-git\code\wp-includes\template-loader.php(106): include()
#1 C:\xampp\htdocs\Htschools-git\code\wp-blog-header.php(19): require_once('C:\\xampp\\htdocs...')
#2 C:\xampp\htdocs\Htschools-git\code\index.php(17): require('C:\\xampp\\htdocs...')
#3 {main}
  thrown in C:\xampp\htdocs\Htschools-git\code\wp-content\themes\htschools\single.php on line 40

2021-03-25T10:12:04+00:00 CRITICAL Uncaught Error: Call to undefined function wpfp_link() in C:\xampp\htdocs\Htschools-git\code\wp-content\themes\htschools\single.php:40
Stack trace:
#0 C:\xampp\htdocs\Htschools-git\code\wp-includes\template-loader.php(106): include()
#1 C:\xampp\htdocs\Htschools-git\code\wp-blog-header.php(19): require_once('C:\\xampp\\htdocs...')
#2 C:\xampp\htdocs\Htschools-git\code\index.php(17): require('C:\\xampp\\htdocs...')
#3 {main}
  thrown in C:\xampp\htdocs\Htschools-git\code\wp-content\themes\htschools\single.php on line 40

2021-03-25T10:12:06+00:00 CRITICAL Uncaught Error: Call to undefined function wpfp_link() in C:\xampp\htdocs\Htschools-git\code\wp-content\themes\htschools\single.php:40
Stack trace:
#0 C:\xampp\htdocs\Htschools-git\code\wp-includes\template-loader.php(106): include()
#1 C:\xampp\htdocs\Htschools-git\code\wp-blog-header.php(19): require_once('C:\\xampp\\htdocs...')
#2 C:\xampp\htdocs\Htschools-git\code\index.php(17): require('C:\\xampp\\htdocs...')
#3 {main}
  thrown in C:\xampp\htdocs\Htschools-git\code\wp-content\themes\htschools\single.php on line 40

2021-03-25T10:12:57+00:00 CRITICAL Uncaught Error: Call to undefined function wpfp_link() in C:\xampp\htdocs\Htschools-git\code\wp-content\themes\htschools\single.php:40
Stack trace:
#0 C:\xampp\htdocs\Htschools-git\code\wp-includes\template-loader.php(106): include()
#1 C:\xampp\htdocs\Htschools-git\code\wp-blog-header.php(19): require_once('C:\\xampp\\htdocs...')
#2 C:\xampp\htdocs\Htschools-git\code\index.php(17): require('C:\\xampp\\htdocs...')
#3 {main}
  thrown in C:\xampp\htdocs\Htschools-git\code\wp-content\themes\htschools\single.php on line 40

2021-03-25T10:13:00+00:00 CRITICAL Uncaught Error: Call to undefined function wpfp_link() in C:\xampp\htdocs\Htschools-git\code\wp-content\themes\htschools\single.php:40
Stack trace:
#0 C:\xampp\htdocs\Htschools-git\code\wp-includes\template-loader.php(106): include()
#1 C:\xampp\htdocs\Htschools-git\code\wp-blog-header.php(19): require_once('C:\\xampp\\htdocs...')
#2 C:\xampp\htdocs\Htschools-git\code\index.php(17): require('C:\\xampp\\htdocs...')
#3 {main}
  thrown in C:\xampp\htdocs\Htschools-git\code\wp-content\themes\htschools\single.php on line 40

2021-03-25T10:13:03+00:00 CRITICAL Uncaught Error: Call to undefined function wpfp_link() in C:\xampp\htdocs\Htschools-git\code\wp-content\themes\htschools\single.php:40
Stack trace:
#0 C:\xampp\htdocs\Htschools-git\code\wp-includes\template-loader.php(106): include()
#1 C:\xampp\htdocs\Htschools-git\code\wp-blog-header.php(19): require_once('C:\\xampp\\htdocs...')
#2 C:\xampp\htdocs\Htschools-git\code\index.php(17): require('C:\\xampp\\htdocs...')
#3 {main}
  thrown in C:\xampp\htdocs\Htschools-git\code\wp-content\themes\htschools\single.php on line 40

2021-03-25T10:13:23+00:00 CRITICAL Uncaught Error: Call to undefined function wpfp_link() in C:\xampp\htdocs\Htschools-git\code\wp-content\themes\htschools\single.php:40
Stack trace:
#0 C:\xampp\htdocs\Htschools-git\code\wp-includes\template-loader.php(106): include()
#1 C:\xampp\htdocs\Htschools-git\code\wp-blog-header.php(19): require_once('C:\\xampp\\htdocs...')
#2 C:\xampp\htdocs\Htschools-git\code\index.php(17): require('C:\\xampp\\htdocs...')
#3 {main}
  thrown in C:\xampp\htdocs\Htschools-git\code\wp-content\themes\htschools\single.php on line 40

2021-03-25T10:13:26+00:00 CRITICAL Uncaught Error: Call to undefined function wpfp_link() in C:\xampp\htdocs\Htschools-git\code\wp-content\themes\htschools\single.php:40
Stack trace:
#0 C:\xampp\htdocs\Htschools-git\code\wp-includes\template-loader.php(106): include()
#1 C:\xampp\htdocs\Htschools-git\code\wp-blog-header.php(19): require_once('C:\\xampp\\htdocs...')
#2 C:\xampp\htdocs\Htschools-git\code\index.php(17): require('C:\\xampp\\htdocs...')
#3 {main}
  thrown in C:\xampp\htdocs\Htschools-git\code\wp-content\themes\htschools\single.php on line 40

2021-03-25T10:13:29+00:00 CRITICAL Uncaught Error: Call to undefined function wpfp_link() in C:\xampp\htdocs\Htschools-git\code\wp-content\themes\htschools\single.php:40
Stack trace:
#0 C:\xampp\htdocs\Htschools-git\code\wp-includes\template-loader.php(106): include()
#1 C:\xampp\htdocs\Htschools-git\code\wp-blog-header.php(19): require_once('C:\\xampp\\htdocs...')
#2 C:\xampp\htdocs\Htschools-git\code\index.php(17): require('C:\\xampp\\htdocs...')
#3 {main}
  thrown in C:\xampp\htdocs\Htschools-git\code\wp-content\themes\htschools\single.php on line 40

2021-03-25T10:13:39+00:00 CRITICAL Uncaught Error: Call to undefined function wpfp_link() in C:\xampp\htdocs\Htschools-git\code\wp-content\themes\htschools\single.php:40
Stack trace:
#0 C:\xampp\htdocs\Htschools-git\code\wp-includes\template-loader.php(106): include()
#1 C:\xampp\htdocs\Htschools-git\code\wp-blog-header.php(19): require_once('C:\\xampp\\htdocs...')
#2 C:\xampp\htdocs\Htschools-git\code\index.php(17): require('C:\\xampp\\htdocs...')
#3 {main}
  thrown in C:\xampp\htdocs\Htschools-git\code\wp-content\themes\htschools\single.php on line 40

2021-03-25T10:13:43+00:00 CRITICAL Uncaught Error: Call to undefined function wpfp_link() in C:\xampp\htdocs\Htschools-git\code\wp-content\themes\htschools\single.php:40
Stack trace:
#0 C:\xampp\htdocs\Htschools-git\code\wp-includes\template-loader.php(106): include()
#1 C:\xampp\htdocs\Htschools-git\code\wp-blog-header.php(19): require_once('C:\\xampp\\htdocs...')
#2 C:\xampp\htdocs\Htschools-git\code\index.php(17): require('C:\\xampp\\htdocs...')
#3 {main}
  thrown in C:\xampp\htdocs\Htschools-git\code\wp-content\themes\htschools\single.php on line 40

2021-03-25T10:13:47+00:00 CRITICAL Uncaught Error: Call to undefined function wpfp_link() in C:\xampp\htdocs\Htschools-git\code\wp-content\themes\htschools\single.php:40
Stack trace:
#0 C:\xampp\htdocs\Htschools-git\code\wp-includes\template-loader.php(106): include()
#1 C:\xampp\htdocs\Htschools-git\code\wp-blog-header.php(19): require_once('C:\\xampp\\htdocs...')
#2 C:\xampp\htdocs\Htschools-git\code\index.php(17): require('C:\\xampp\\htdocs...')
#3 {main}
  thrown in C:\xampp\htdocs\Htschools-git\code\wp-content\themes\htschools\single.php on line 40

2021-03-25T10:15:49+00:00 CRITICAL Uncaught Error: Call to undefined function wpfp_link() in C:\xampp\htdocs\Htschools-git\code\wp-content\themes\htschools\single.php:40
Stack trace:
#0 C:\xampp\htdocs\Htschools-git\code\wp-includes\template-loader.php(106): include()
#1 C:\xampp\htdocs\Htschools-git\code\wp-blog-header.php(19): require_once('C:\\xampp\\htdocs...')
#2 C:\xampp\htdocs\Htschools-git\code\index.php(17): require('C:\\xampp\\htdocs...')
#3 {main}
  thrown in C:\xampp\htdocs\Htschools-git\code\wp-content\themes\htschools\single.php on line 40

2021-03-25T10:15:52+00:00 CRITICAL Uncaught Error: Call to undefined function wpfp_link() in C:\xampp\htdocs\Htschools-git\code\wp-content\themes\htschools\single.php:40
Stack trace:
#0 C:\xampp\htdocs\Htschools-git\code\wp-includes\template-loader.php(106): include()
#1 C:\xampp\htdocs\Htschools-git\code\wp-blog-header.php(19): require_once('C:\\xampp\\htdocs...')
#2 C:\xampp\htdocs\Htschools-git\code\index.php(17): require('C:\\xampp\\htdocs...')
#3 {main}
  thrown in C:\xampp\htdocs\Htschools-git\code\wp-content\themes\htschools\single.php on line 40

2021-03-25T10:15:54+00:00 CRITICAL Uncaught Error: Call to undefined function wpfp_link() in C:\xampp\htdocs\Htschools-git\code\wp-content\themes\htschools\single.php:40
Stack trace:
#0 C:\xampp\htdocs\Htschools-git\code\wp-includes\template-loader.php(106): include()
#1 C:\xampp\htdocs\Htschools-git\code\wp-blog-header.php(19): require_once('C:\\xampp\\htdocs...')
#2 C:\xampp\htdocs\Htschools-git\code\index.php(17): require('C:\\xampp\\htdocs...')
#3 {main}
  thrown in C:\xampp\htdocs\Htschools-git\code\wp-content\themes\htschools\single.php on line 40

2021-03-25T10:16:37+00:00 CRITICAL Uncaught Error: Call to undefined function wpfp_link() in C:\xampp\htdocs\Htschools-git\code\wp-content\themes\htschools\single.php:40
Stack trace:
#0 C:\xampp\htdocs\Htschools-git\code\wp-includes\template-loader.php(106): include()
#1 C:\xampp\htdocs\Htschools-git\code\wp-blog-header.php(19): require_once('C:\\xampp\\htdocs...')
#2 C:\xampp\htdocs\Htschools-git\code\index.php(17): require('C:\\xampp\\htdocs...')
#3 {main}
  thrown in C:\xampp\htdocs\Htschools-git\code\wp-content\themes\htschools\single.php on line 40

2021-03-25T10:16:40+00:00 CRITICAL Uncaught Error: Call to undefined function wpfp_link() in C:\xampp\htdocs\Htschools-git\code\wp-content\themes\htschools\single.php:40
Stack trace:
#0 C:\xampp\htdocs\Htschools-git\code\wp-includes\template-loader.php(106): include()
#1 C:\xampp\htdocs\Htschools-git\code\wp-blog-header.php(19): require_once('C:\\xampp\\htdocs...')
#2 C:\xampp\htdocs\Htschools-git\code\index.php(17): require('C:\\xampp\\htdocs...')
#3 {main}
  thrown in C:\xampp\htdocs\Htschools-git\code\wp-content\themes\htschools\single.php on line 40

2021-03-25T10:16:43+00:00 CRITICAL Uncaught Error: Call to undefined function wpfp_link() in C:\xampp\htdocs\Htschools-git\code\wp-content\themes\htschools\single.php:40
Stack trace:
#0 C:\xampp\htdocs\Htschools-git\code\wp-includes\template-loader.php(106): include()
#1 C:\xampp\htdocs\Htschools-git\code\wp-blog-header.php(19): require_once('C:\\xampp\\htdocs...')
#2 C:\xampp\htdocs\Htschools-git\code\index.php(17): require('C:\\xampp\\htdocs...')
#3 {main}
  thrown in C:\xampp\htdocs\Htschools-git\code\wp-content\themes\htschools\single.php on line 40

2021-03-25T10:19:46+00:00 CRITICAL Uncaught Error: Call to undefined function wpfp_link() in C:\xampp\htdocs\Htschools-git\code\wp-content\themes\htschools\single.php:40
Stack trace:
#0 C:\xampp\htdocs\Htschools-git\code\wp-includes\template-loader.php(106): include()
#1 C:\xampp\htdocs\Htschools-git\code\wp-blog-header.php(19): require_once('C:\\xampp\\htdocs...')
#2 C:\xampp\htdocs\Htschools-git\code\index.php(17): require('C:\\xampp\\htdocs...')
#3 {main}
  thrown in C:\xampp\htdocs\Htschools-git\code\wp-content\themes\htschools\single.php on line 40

2021-03-25T10:20:04+00:00 CRITICAL Uncaught Error: Call to undefined function wpfp_link() in C:\xampp\htdocs\Htschools-git\code\wp-content\themes\htschools\single.php:40
Stack trace:
#0 C:\xampp\htdocs\Htschools-git\code\wp-includes\template-loader.php(106): include()
#1 C:\xampp\htdocs\Htschools-git\code\wp-blog-header.php(19): require_once('C:\\xampp\\htdocs...')
#2 C:\xampp\htdocs\Htschools-git\code\index.php(17): require('C:\\xampp\\htdocs...')
#3 {main}
  thrown in C:\xampp\htdocs\Htschools-git\code\wp-content\themes\htschools\single.php on line 40

2021-03-25T10:20:12+00:00 CRITICAL Uncaught Error: Call to undefined function wpfp_link() in C:\xampp\htdocs\Htschools-git\code\wp-content\themes\htschools\single.php:40
Stack trace:
#0 C:\xampp\htdocs\Htschools-git\code\wp-includes\template-loader.php(106): include()
#1 C:\xampp\htdocs\Htschools-git\code\wp-blog-header.php(19): require_once('C:\\xampp\\htdocs...')
#2 C:\xampp\htdocs\Htschools-git\code\index.php(17): require('C:\\xampp\\htdocs...')
#3 {main}
  thrown in C:\xampp\htdocs\Htschools-git\code\wp-content\themes\htschools\single.php on line 40

2021-03-25T10:32:05+00:00 CRITICAL Uncaught Error: Call to undefined function wpfp_link() in C:\xampp\htdocs\Htschools-git\code\wp-content\themes\htschools\single.php:40
Stack trace:
#0 C:\xampp\htdocs\Htschools-git\code\wp-includes\template-loader.php(106): include()
#1 C:\xampp\htdocs\Htschools-git\code\wp-blog-header.php(19): require_once('C:\\xampp\\htdocs...')
#2 C:\xampp\htdocs\Htschools-git\code\index.php(17): require('C:\\xampp\\htdocs...')
#3 {main}
  thrown in C:\xampp\htdocs\Htschools-git\code\wp-content\themes\htschools\single.php on line 40

2021-03-25T10:32:18+00:00 CRITICAL Uncaught Error: Call to undefined function wpfp_link() in C:\xampp\htdocs\Htschools-git\code\wp-content\themes\htschools\single.php:40
Stack trace:
#0 C:\xampp\htdocs\Htschools-git\code\wp-includes\template-loader.php(106): include()
#1 C:\xampp\htdocs\Htschools-git\code\wp-blog-header.php(19): require_once('C:\\xampp\\htdocs...')
#2 C:\xampp\htdocs\Htschools-git\code\index.php(17): require('C:\\xampp\\htdocs...')
#3 {main}
  thrown in C:\xampp\htdocs\Htschools-git\code\wp-content\themes\htschools\single.php on line 40

2021-03-25T10:32:22+00:00 CRITICAL Uncaught Error: Call to undefined function wpfp_link() in C:\xampp\htdocs\Htschools-git\code\wp-content\themes\htschools\single.php:40
Stack trace:
#0 C:\xampp\htdocs\Htschools-git\code\wp-includes\template-loader.php(106): include()
#1 C:\xampp\htdocs\Htschools-git\code\wp-blog-header.php(19): require_once('C:\\xampp\\htdocs...')
#2 C:\xampp\htdocs\Htschools-git\code\index.php(17): require('C:\\xampp\\htdocs...')
#3 {main}
  thrown in C:\xampp\htdocs\Htschools-git\code\wp-content\themes\htschools\single.php on line 40

2021-03-25T10:32:25+00:00 CRITICAL Uncaught Error: Call to undefined function wpfp_link() in C:\xampp\htdocs\Htschools-git\code\wp-content\themes\htschools\single.php:40
Stack trace:
#0 C:\xampp\htdocs\Htschools-git\code\wp-includes\template-loader.php(106): include()
#1 C:\xampp\htdocs\Htschools-git\code\wp-blog-header.php(19): require_once('C:\\xampp\\htdocs...')
#2 C:\xampp\htdocs\Htschools-git\code\index.php(17): require('C:\\xampp\\htdocs...')
#3 {main}
  thrown in C:\xampp\htdocs\Htschools-git\code\wp-content\themes\htschools\single.php on line 40

2021-03-25T10:33:01+00:00 CRITICAL Uncaught Error: Call to undefined function wpfp_link() in C:\xampp\htdocs\Htschools-git\code\wp-content\themes\htschools\single.php:40
Stack trace:
#0 C:\xampp\htdocs\Htschools-git\code\wp-includes\template-loader.php(106): include()
#1 C:\xampp\htdocs\Htschools-git\code\wp-blog-header.php(19): require_once('C:\\xampp\\htdocs...')
#2 C:\xampp\htdocs\Htschools-git\code\index.php(17): require('C:\\xampp\\htdocs...')
#3 {main}
  thrown in C:\xampp\htdocs\Htschools-git\code\wp-content\themes\htschools\single.php on line 40

2021-03-25T10:33:04+00:00 CRITICAL Uncaught Error: Call to undefined function wpfp_link() in C:\xampp\htdocs\Htschools-git\code\wp-content\themes\htschools\single.php:40
Stack trace:
#0 C:\xampp\htdocs\Htschools-git\code\wp-includes\template-loader.php(106): include()
#1 C:\xampp\htdocs\Htschools-git\code\wp-blog-header.php(19): require_once('C:\\xampp\\htdocs...')
#2 C:\xampp\htdocs\Htschools-git\code\index.php(17): require('C:\\xampp\\htdocs...')
#3 {main}
  thrown in C:\xampp\htdocs\Htschools-git\code\wp-content\themes\htschools\single.php on line 40

2021-03-25T10:33:09+00:00 CRITICAL Uncaught Error: Call to undefined function wpfp_link() in C:\xampp\htdocs\Htschools-git\code\wp-content\themes\htschools\single.php:40
Stack trace:
#0 C:\xampp\htdocs\Htschools-git\code\wp-includes\template-loader.php(106): include()
#1 C:\xampp\htdocs\Htschools-git\code\wp-blog-header.php(19): require_once('C:\\xampp\\htdocs...')
#2 C:\xampp\htdocs\Htschools-git\code\index.php(17): require('C:\\xampp\\htdocs...')
#3 {main}
  thrown in C:\xampp\htdocs\Htschools-git\code\wp-content\themes\htschools\single.php on line 40

2021-03-25T10:33:59+00:00 CRITICAL Uncaught Error: Call to undefined function wpfp_link() in C:\xampp\htdocs\Htschools-git\code\wp-content\themes\htschools\single.php:40
Stack trace:
#0 C:\xampp\htdocs\Htschools-git\code\wp-includes\template-loader.php(106): include()
#1 C:\xampp\htdocs\Htschools-git\code\wp-blog-header.php(19): require_once('C:\\xampp\\htdocs...')
#2 C:\xampp\htdocs\Htschools-git\code\index.php(17): require('C:\\xampp\\htdocs...')
#3 {main}
  thrown in C:\xampp\htdocs\Htschools-git\code\wp-content\themes\htschools\single.php on line 40

2021-03-25T10:34:03+00:00 CRITICAL Uncaught Error: Call to undefined function wpfp_link() in C:\xampp\htdocs\Htschools-git\code\wp-content\themes\htschools\single.php:40
Stack trace:
#0 C:\xampp\htdocs\Htschools-git\code\wp-includes\template-loader.php(106): include()
#1 C:\xampp\htdocs\Htschools-git\code\wp-blog-header.php(19): require_once('C:\\xampp\\htdocs...')
#2 C:\xampp\htdocs\Htschools-git\code\index.php(17): require('C:\\xampp\\htdocs...')
#3 {main}
  thrown in C:\xampp\htdocs\Htschools-git\code\wp-content\themes\htschools\single.php on line 40

2021-03-25T10:34:06+00:00 CRITICAL Uncaught Error: Call to undefined function wpfp_link() in C:\xampp\htdocs\Htschools-git\code\wp-content\themes\htschools\single.php:40
Stack trace:
#0 C:\xampp\htdocs\Htschools-git\code\wp-includes\template-loader.php(106): include()
#1 C:\xampp\htdocs\Htschools-git\code\wp-blog-header.php(19): require_once('C:\\xampp\\htdocs...')
#2 C:\xampp\htdocs\Htschools-git\code\index.php(17): require('C:\\xampp\\htdocs...')
#3 {main}
  thrown in C:\xampp\htdocs\Htschools-git\code\wp-content\themes\htschools\single.php on line 40

2021-03-25T10:34:19+00:00 CRITICAL Uncaught Error: Call to undefined function wpfp_link() in C:\xampp\htdocs\Htschools-git\code\wp-content\themes\htschools\single.php:40
Stack trace:
#0 C:\xampp\htdocs\Htschools-git\code\wp-includes\template-loader.php(106): include()
#1 C:\xampp\htdocs\Htschools-git\code\wp-blog-header.php(19): require_once('C:\\xampp\\htdocs...')
#2 C:\xampp\htdocs\Htschools-git\code\index.php(17): require('C:\\xampp\\htdocs...')
#3 {main}
  thrown in C:\xampp\htdocs\Htschools-git\code\wp-content\themes\htschools\single.php on line 40

2021-03-25T10:34:23+00:00 CRITICAL Uncaught Error: Call to undefined function wpfp_link() in C:\xampp\htdocs\Htschools-git\code\wp-content\themes\htschools\single.php:40
Stack trace:
#0 C:\xampp\htdocs\Htschools-git\code\wp-includes\template-loader.php(106): include()
#1 C:\xampp\htdocs\Htschools-git\code\wp-blog-header.php(19): require_once('C:\\xampp\\htdocs...')
#2 C:\xampp\htdocs\Htschools-git\code\index.php(17): require('C:\\xampp\\htdocs...')
#3 {main}
  thrown in C:\xampp\htdocs\Htschools-git\code\wp-content\themes\htschools\single.php on line 40

2021-03-25T10:34:26+00:00 CRITICAL Uncaught Error: Call to undefined function wpfp_link() in C:\xampp\htdocs\Htschools-git\code\wp-content\themes\htschools\single.php:40
Stack trace:
#0 C:\xampp\htdocs\Htschools-git\code\wp-includes\template-loader.php(106): include()
#1 C:\xampp\htdocs\Htschools-git\code\wp-blog-header.php(19): require_once('C:\\xampp\\htdocs...')
#2 C:\xampp\htdocs\Htschools-git\code\index.php(17): require('C:\\xampp\\htdocs...')
#3 {main}
  thrown in C:\xampp\htdocs\Htschools-git\code\wp-content\themes\htschools\single.php on line 40

2021-03-25T10:34:41+00:00 CRITICAL syntax error, unexpected ')' in C:\xampp\htdocs\Htschools-git\code\wp-content\themes\htschools\header.php on line 35

2021-03-25T10:35:05+00:00 CRITICAL Uncaught Error: Call to undefined function wpfp_link() in C:\xampp\htdocs\Htschools-git\code\wp-content\themes\htschools\single.php:40
Stack trace:
#0 C:\xampp\htdocs\Htschools-git\code\wp-includes\template-loader.php(106): include()
#1 C:\xampp\htdocs\Htschools-git\code\wp-blog-header.php(19): require_once('C:\\xampp\\htdocs...')
#2 C:\xampp\htdocs\Htschools-git\code\index.php(17): require('C:\\xampp\\htdocs...')
#3 {main}
  thrown in C:\xampp\htdocs\Htschools-git\code\wp-content\themes\htschools\single.php on line 40

2021-03-25T10:35:09+00:00 CRITICAL Uncaught Error: Call to undefined function wpfp_link() in C:\xampp\htdocs\Htschools-git\code\wp-content\themes\htschools\single.php:40
Stack trace:
#0 C:\xampp\htdocs\Htschools-git\code\wp-includes\template-loader.php(106): include()
#1 C:\xampp\htdocs\Htschools-git\code\wp-blog-header.php(19): require_once('C:\\xampp\\htdocs...')
#2 C:\xampp\htdocs\Htschools-git\code\index.php(17): require('C:\\xampp\\htdocs...')
#3 {main}
  thrown in C:\xampp\htdocs\Htschools-git\code\wp-content\themes\htschools\single.php on line 40

2021-03-25T10:35:12+00:00 CRITICAL Uncaught Error: Call to undefined function wpfp_link() in C:\xampp\htdocs\Htschools-git\code\wp-content\themes\htschools\single.php:40
Stack trace:
#0 C:\xampp\htdocs\Htschools-git\code\wp-includes\template-loader.php(106): include()
#1 C:\xampp\htdocs\Htschools-git\code\wp-blog-header.php(19): require_once('C:\\xampp\\htdocs...')
#2 C:\xampp\htdocs\Htschools-git\code\index.php(17): require('C:\\xampp\\htdocs...')
#3 {main}
  thrown in C:\xampp\htdocs\Htschools-git\code\wp-content\themes\htschools\single.php on line 40

2021-03-25T10:36:07+00:00 CRITICAL Uncaught Error: Call to undefined function wpfp_link() in C:\xampp\htdocs\Htschools-git\code\wp-content\themes\htschools\single.php:40
Stack trace:
#0 C:\xampp\htdocs\Htschools-git\code\wp-includes\template-loader.php(106): include()
#1 C:\xampp\htdocs\Htschools-git\code\wp-blog-header.php(19): require_once('C:\\xampp\\htdocs...')
#2 C:\xampp\htdocs\Htschools-git\code\index.php(17): require('C:\\xampp\\htdocs...')
#3 {main}
  thrown in C:\xampp\htdocs\Htschools-git\code\wp-content\themes\htschools\single.php on line 40

2021-03-25T10:36:11+00:00 CRITICAL Uncaught Error: Call to undefined function wpfp_link() in C:\xampp\htdocs\Htschools-git\code\wp-content\themes\htschools\single.php:40
Stack trace:
#0 C:\xampp\htdocs\Htschools-git\code\wp-includes\template-loader.php(106): include()
#1 C:\xampp\htdocs\Htschools-git\code\wp-blog-header.php(19): require_once('C:\\xampp\\htdocs...')
#2 C:\xampp\htdocs\Htschools-git\code\index.php(17): require('C:\\xampp\\htdocs...')
#3 {main}
  thrown in C:\xampp\htdocs\Htschools-git\code\wp-content\themes\htschools\single.php on line 40

2021-03-25T10:36:14+00:00 CRITICAL Uncaught Error: Call to undefined function wpfp_link() in C:\xampp\htdocs\Htschools-git\code\wp-content\themes\htschools\single.php:40
Stack trace:
#0 C:\xampp\htdocs\Htschools-git\code\wp-includes\template-loader.php(106): include()
#1 C:\xampp\htdocs\Htschools-git\code\wp-blog-header.php(19): require_once('C:\\xampp\\htdocs...')
#2 C:\xampp\htdocs\Htschools-git\code\index.php(17): require('C:\\xampp\\htdocs...')
#3 {main}
  thrown in C:\xampp\htdocs\Htschools-git\code\wp-content\themes\htschools\single.php on line 40

2021-03-25T10:36:57+00:00 CRITICAL Uncaught Error: Call to undefined function wpfp_link() in C:\xampp\htdocs\Htschools-git\code\wp-content\themes\htschools\single.php:40
Stack trace:
#0 C:\xampp\htdocs\Htschools-git\code\wp-includes\template-loader.php(106): include()
#1 C:\xampp\htdocs\Htschools-git\code\wp-blog-header.php(19): require_once('C:\\xampp\\htdocs...')
#2 C:\xampp\htdocs\Htschools-git\code\index.php(17): require('C:\\xampp\\htdocs...')
#3 {main}
  thrown in C:\xampp\htdocs\Htschools-git\code\wp-content\themes\htschools\single.php on line 40

2021-03-25T10:37:01+00:00 CRITICAL Uncaught Error: Call to undefined function wpfp_link() in C:\xampp\htdocs\Htschools-git\code\wp-content\themes\htschools\single.php:40
Stack trace:
#0 C:\xampp\htdocs\Htschools-git\code\wp-includes\template-loader.php(106): include()
#1 C:\xampp\htdocs\Htschools-git\code\wp-blog-header.php(19): require_once('C:\\xampp\\htdocs...')
#2 C:\xampp\htdocs\Htschools-git\code\index.php(17): require('C:\\xampp\\htdocs...')
#3 {main}
  thrown in C:\xampp\htdocs\Htschools-git\code\wp-content\themes\htschools\single.php on line 40

2021-03-25T10:37:04+00:00 CRITICAL Uncaught Error: Call to undefined function wpfp_link() in C:\xampp\htdocs\Htschools-git\code\wp-content\themes\htschools\single.php:40
Stack trace:
#0 C:\xampp\htdocs\Htschools-git\code\wp-includes\template-loader.php(106): include()
#1 C:\xampp\htdocs\Htschools-git\code\wp-blog-header.php(19): require_once('C:\\xampp\\htdocs...')
#2 C:\xampp\htdocs\Htschools-git\code\index.php(17): require('C:\\xampp\\htdocs...')
#3 {main}
  thrown in C:\xampp\htdocs\Htschools-git\code\wp-content\themes\htschools\single.php on line 40

2021-03-25T10:37:53+00:00 CRITICAL Uncaught Error: Call to undefined function wpfp_link() in C:\xampp\htdocs\Htschools-git\code\wp-content\themes\htschools\single.php:40
Stack trace:
#0 C:\xampp\htdocs\Htschools-git\code\wp-includes\template-loader.php(106): include()
#1 C:\xampp\htdocs\Htschools-git\code\wp-blog-header.php(19): require_once('C:\\xampp\\htdocs...')
#2 C:\xampp\htdocs\Htschools-git\code\index.php(17): require('C:\\xampp\\htdocs...')
#3 {main}
  thrown in C:\xampp\htdocs\Htschools-git\code\wp-content\themes\htschools\single.php on line 40

2021-03-25T10:37:58+00:00 CRITICAL Uncaught Error: Call to undefined function wpfp_link() in C:\xampp\htdocs\Htschools-git\code\wp-content\themes\htschools\single.php:40
Stack trace:
#0 C:\xampp\htdocs\Htschools-git\code\wp-includes\template-loader.php(106): include()
#1 C:\xampp\htdocs\Htschools-git\code\wp-blog-header.php(19): require_once('C:\\xampp\\htdocs...')
#2 C:\xampp\htdocs\Htschools-git\code\index.php(17): require('C:\\xampp\\htdocs...')
#3 {main}
  thrown in C:\xampp\htdocs\Htschools-git\code\wp-content\themes\htschools\single.php on line 40

2021-03-25T10:38:04+00:00 CRITICAL Uncaught Error: Call to undefined function wpfp_link() in C:\xampp\htdocs\Htschools-git\code\wp-content\themes\htschools\single.php:40
Stack trace:
#0 C:\xampp\htdocs\Htschools-git\code\wp-includes\template-loader.php(106): include()
#1 C:\xampp\htdocs\Htschools-git\code\wp-blog-header.php(19): require_once('C:\\xampp\\htdocs...')
#2 C:\xampp\htdocs\Htschools-git\code\index.php(17): require('C:\\xampp\\htdocs...')
#3 {main}
  thrown in C:\xampp\htdocs\Htschools-git\code\wp-content\themes\htschools\single.php on line 40

2021-03-25T10:38:04+00:00 CRITICAL Uncaught Error: Call to undefined function wpfp_link() in C:\xampp\htdocs\Htschools-git\code\wp-content\themes\htschools\single.php:40
Stack trace:
#0 C:\xampp\htdocs\Htschools-git\code\wp-includes\template-loader.php(106): include()
#1 C:\xampp\htdocs\Htschools-git\code\wp-blog-header.php(19): require_once('C:\\xampp\\htdocs...')
#2 C:\xampp\htdocs\Htschools-git\code\index.php(17): require('C:\\xampp\\htdocs...')
#3 {main}
  thrown in C:\xampp\htdocs\Htschools-git\code\wp-content\themes\htschools\single.php on line 40

2021-03-25T10:38:09+00:00 CRITICAL Uncaught Error: Call to undefined function wpfp_link() in C:\xampp\htdocs\Htschools-git\code\wp-content\themes\htschools\single.php:40
Stack trace:
#0 C:\xampp\htdocs\Htschools-git\code\wp-includes\template-loader.php(106): include()
#1 C:\xampp\htdocs\Htschools-git\code\wp-blog-header.php(19): require_once('C:\\xampp\\htdocs...')
#2 C:\xampp\htdocs\Htschools-git\code\index.php(17): require('C:\\xampp\\htdocs...')
#3 {main}
  thrown in C:\xampp\htdocs\Htschools-git\code\wp-content\themes\htschools\single.php on line 40

2021-03-25T10:38:09+00:00 CRITICAL Uncaught Error: Call to undefined function wpfp_link() in C:\xampp\htdocs\Htschools-git\code\wp-content\themes\htschools\single.php:40
Stack trace:
#0 C:\xampp\htdocs\Htschools-git\code\wp-includes\template-loader.php(106): include()
#1 C:\xampp\htdocs\Htschools-git\code\wp-blog-header.php(19): require_once('C:\\xampp\\htdocs...')
#2 C:\xampp\htdocs\Htschools-git\code\index.php(17): require('C:\\xampp\\htdocs...')
#3 {main}
  thrown in C:\xampp\htdocs\Htschools-git\code\wp-content\themes\htschools\single.php on line 40

2021-03-25T10:38:48+00:00 CRITICAL Uncaught Error: Call to undefined function wpfp_link() in C:\xampp\htdocs\Htschools-git\code\wp-content\themes\htschools\single.php:40
Stack trace:
#0 C:\xampp\htdocs\Htschools-git\code\wp-includes\template-loader.php(106): include()
#1 C:\xampp\htdocs\Htschools-git\code\wp-blog-header.php(19): require_once('C:\\xampp\\htdocs...')
#2 C:\xampp\htdocs\Htschools-git\code\index.php(17): require('C:\\xampp\\htdocs...')
#3 {main}
  thrown in C:\xampp\htdocs\Htschools-git\code\wp-content\themes\htschools\single.php on line 40

2021-03-25T10:38:51+00:00 CRITICAL Uncaught Error: Call to undefined function wpfp_link() in C:\xampp\htdocs\Htschools-git\code\wp-content\themes\htschools\single.php:40
Stack trace:
#0 C:\xampp\htdocs\Htschools-git\code\wp-includes\template-loader.php(106): include()
#1 C:\xampp\htdocs\Htschools-git\code\wp-blog-header.php(19): require_once('C:\\xampp\\htdocs...')
#2 C:\xampp\htdocs\Htschools-git\code\index.php(17): require('C:\\xampp\\htdocs...')
#3 {main}
  thrown in C:\xampp\htdocs\Htschools-git\code\wp-content\themes\htschools\single.php on line 40

2021-03-25T10:38:54+00:00 CRITICAL Uncaught Error: Call to undefined function wpfp_link() in C:\xampp\htdocs\Htschools-git\code\wp-content\themes\htschools\single.php:40
Stack trace:
#0 C:\xampp\htdocs\Htschools-git\code\wp-includes\template-loader.php(106): include()
#1 C:\xampp\htdocs\Htschools-git\code\wp-blog-header.php(19): require_once('C:\\xampp\\htdocs...')
#2 C:\xampp\htdocs\Htschools-git\code\index.php(17): require('C:\\xampp\\htdocs...')
#3 {main}
  thrown in C:\xampp\htdocs\Htschools-git\code\wp-content\themes\htschools\single.php on line 40

2021-03-25T10:39:35+00:00 CRITICAL Uncaught Error: Call to undefined function wpfp_link() in C:\xampp\htdocs\Htschools-git\code\wp-content\themes\htschools\single.php:40
Stack trace:
#0 C:\xampp\htdocs\Htschools-git\code\wp-includes\template-loader.php(106): include()
#1 C:\xampp\htdocs\Htschools-git\code\wp-blog-header.php(19): require_once('C:\\xampp\\htdocs...')
#2 C:\xampp\htdocs\Htschools-git\code\index.php(17): require('C:\\xampp\\htdocs...')
#3 {main}
  thrown in C:\xampp\htdocs\Htschools-git\code\wp-content\themes\htschools\single.php on line 40

2021-03-25T10:39:38+00:00 CRITICAL Uncaught Error: Call to undefined function wpfp_link() in C:\xampp\htdocs\Htschools-git\code\wp-content\themes\htschools\single.php:40
Stack trace:
#0 C:\xampp\htdocs\Htschools-git\code\wp-includes\template-loader.php(106): include()
#1 C:\xampp\htdocs\Htschools-git\code\wp-blog-header.php(19): require_once('C:\\xampp\\htdocs...')
#2 C:\xampp\htdocs\Htschools-git\code\index.php(17): require('C:\\xampp\\htdocs...')
#3 {main}
  thrown in C:\xampp\htdocs\Htschools-git\code\wp-content\themes\htschools\single.php on line 40

2021-03-25T10:39:42+00:00 CRITICAL Uncaught Error: Call to undefined function wpfp_link() in C:\xampp\htdocs\Htschools-git\code\wp-content\themes\htschools\single.php:40
Stack trace:
#0 C:\xampp\htdocs\Htschools-git\code\wp-includes\template-loader.php(106): include()
#1 C:\xampp\htdocs\Htschools-git\code\wp-blog-header.php(19): require_once('C:\\xampp\\htdocs...')
#2 C:\xampp\htdocs\Htschools-git\code\index.php(17): require('C:\\xampp\\htdocs...')
#3 {main}
  thrown in C:\xampp\htdocs\Htschools-git\code\wp-content\themes\htschools\single.php on line 40

2021-03-25T10:44:06+00:00 CRITICAL Uncaught Error: Call to undefined function wpfp_link() in C:\xampp\htdocs\Htschools-git\code\wp-content\themes\htschools\single.php:40
Stack trace:
#0 C:\xampp\htdocs\Htschools-git\code\wp-includes\template-loader.php(106): include()
#1 C:\xampp\htdocs\Htschools-git\code\wp-blog-header.php(19): require_once('C:\\xampp\\htdocs...')
#2 C:\xampp\htdocs\Htschools-git\code\index.php(17): require('C:\\xampp\\htdocs...')
#3 {main}
  thrown in C:\xampp\htdocs\Htschools-git\code\wp-content\themes\htschools\single.php on line 40

2021-03-25T10:44:09+00:00 CRITICAL Uncaught Error: Call to undefined function wpfp_link() in C:\xampp\htdocs\Htschools-git\code\wp-content\themes\htschools\single.php:40
Stack trace:
#0 C:\xampp\htdocs\Htschools-git\code\wp-includes\template-loader.php(106): include()
#1 C:\xampp\htdocs\Htschools-git\code\wp-blog-header.php(19): require_once('C:\\xampp\\htdocs...')
#2 C:\xampp\htdocs\Htschools-git\code\index.php(17): require('C:\\xampp\\htdocs...')
#3 {main}
  thrown in C:\xampp\htdocs\Htschools-git\code\wp-content\themes\htschools\single.php on line 40

2021-03-25T10:44:13+00:00 CRITICAL Uncaught Error: Call to undefined function wpfp_link() in C:\xampp\htdocs\Htschools-git\code\wp-content\themes\htschools\single.php:40
Stack trace:
#0 C:\xampp\htdocs\Htschools-git\code\wp-includes\template-loader.php(106): include()
#1 C:\xampp\htdocs\Htschools-git\code\wp-blog-header.php(19): require_once('C:\\xampp\\htdocs...')
#2 C:\xampp\htdocs\Htschools-git\code\index.php(17): require('C:\\xampp\\htdocs...')
#3 {main}
  thrown in C:\xampp\htdocs\Htschools-git\code\wp-content\themes\htschools\single.php on line 40

2021-03-25T10:45:52+00:00 CRITICAL Uncaught Error: Call to undefined function wpfp_link() in C:\xampp\htdocs\Htschools-git\code\wp-content\themes\htschools\single.php:40
Stack trace:
#0 C:\xampp\htdocs\Htschools-git\code\wp-includes\template-loader.php(106): include()
#1 C:\xampp\htdocs\Htschools-git\code\wp-blog-header.php(19): require_once('C:\\xampp\\htdocs...')
#2 C:\xampp\htdocs\Htschools-git\code\index.php(17): require('C:\\xampp\\htdocs...')
#3 {main}
  thrown in C:\xampp\htdocs\Htschools-git\code\wp-content\themes\htschools\single.php on line 40

2021-03-25T10:45:56+00:00 CRITICAL Uncaught Error: Call to undefined function wpfp_link() in C:\xampp\htdocs\Htschools-git\code\wp-content\themes\htschools\single.php:40
Stack trace:
#0 C:\xampp\htdocs\Htschools-git\code\wp-includes\template-loader.php(106): include()
#1 C:\xampp\htdocs\Htschools-git\code\wp-blog-header.php(19): require_once('C:\\xampp\\htdocs...')
#2 C:\xampp\htdocs\Htschools-git\code\index.php(17): require('C:\\xampp\\htdocs...')
#3 {main}
  thrown in C:\xampp\htdocs\Htschools-git\code\wp-content\themes\htschools\single.php on line 40

2021-03-25T10:46:00+00:00 CRITICAL Uncaught Error: Call to undefined function wpfp_link() in C:\xampp\htdocs\Htschools-git\code\wp-content\themes\htschools\single.php:40
Stack trace:
#0 C:\xampp\htdocs\Htschools-git\code\wp-includes\template-loader.php(106): include()
#1 C:\xampp\htdocs\Htschools-git\code\wp-blog-header.php(19): require_once('C:\\xampp\\htdocs...')
#2 C:\xampp\htdocs\Htschools-git\code\index.php(17): require('C:\\xampp\\htdocs...')
#3 {main}
  thrown in C:\xampp\htdocs\Htschools-git\code\wp-content\themes\htschools\single.php on line 40

2021-03-25T10:46:34+00:00 CRITICAL Uncaught Error: Call to undefined function wpfp_link() in C:\xampp\htdocs\Htschools-git\code\wp-content\themes\htschools\single.php:40
Stack trace:
#0 C:\xampp\htdocs\Htschools-git\code\wp-includes\template-loader.php(106): include()
#1 C:\xampp\htdocs\Htschools-git\code\wp-blog-header.php(19): require_once('C:\\xampp\\htdocs...')
#2 C:\xampp\htdocs\Htschools-git\code\index.php(17): require('C:\\xampp\\htdocs...')
#3 {main}
  thrown in C:\xampp\htdocs\Htschools-git\code\wp-content\themes\htschools\single.php on line 40

2021-03-25T10:46:37+00:00 CRITICAL Uncaught Error: Call to undefined function wpfp_link() in C:\xampp\htdocs\Htschools-git\code\wp-content\themes\htschools\single.php:40
Stack trace:
#0 C:\xampp\htdocs\Htschools-git\code\wp-includes\template-loader.php(106): include()
#1 C:\xampp\htdocs\Htschools-git\code\wp-blog-header.php(19): require_once('C:\\xampp\\htdocs...')
#2 C:\xampp\htdocs\Htschools-git\code\index.php(17): require('C:\\xampp\\htdocs...')
#3 {main}
  thrown in C:\xampp\htdocs\Htschools-git\code\wp-content\themes\htschools\single.php on line 40

2021-03-25T10:46:40+00:00 CRITICAL Uncaught Error: Call to undefined function wpfp_link() in C:\xampp\htdocs\Htschools-git\code\wp-content\themes\htschools\single.php:40
Stack trace:
#0 C:\xampp\htdocs\Htschools-git\code\wp-includes\template-loader.php(106): include()
#1 C:\xampp\htdocs\Htschools-git\code\wp-blog-header.php(19): require_once('C:\\xampp\\htdocs...')
#2 C:\xampp\htdocs\Htschools-git\code\index.php(17): require('C:\\xampp\\htdocs...')
#3 {main}
  thrown in C:\xampp\htdocs\Htschools-git\code\wp-content\themes\htschools\single.php on line 40

2021-03-25T10:53:19+00:00 CRITICAL Uncaught Error: Call to undefined function wpfp_link() in C:\xampp\htdocs\Htschools-git\code\wp-content\themes\htschools\single.php:40
Stack trace:
#0 C:\xampp\htdocs\Htschools-git\code\wp-includes\template-loader.php(106): include()
#1 C:\xampp\htdocs\Htschools-git\code\wp-blog-header.php(19): require_once('C:\\xampp\\htdocs...')
#2 C:\xampp\htdocs\Htschools-git\code\index.php(17): require('C:\\xampp\\htdocs...')
#3 {main}
  thrown in C:\xampp\htdocs\Htschools-git\code\wp-content\themes\htschools\single.php on line 40

2021-03-25T10:53:23+00:00 CRITICAL Uncaught Error: Call to undefined function wpfp_link() in C:\xampp\htdocs\Htschools-git\code\wp-content\themes\htschools\single.php:40
Stack trace:
#0 C:\xampp\htdocs\Htschools-git\code\wp-includes\template-loader.php(106): include()
#1 C:\xampp\htdocs\Htschools-git\code\wp-blog-header.php(19): require_once('C:\\xampp\\htdocs...')
#2 C:\xampp\htdocs\Htschools-git\code\index.php(17): require('C:\\xampp\\htdocs...')
#3 {main}
  thrown in C:\xampp\htdocs\Htschools-git\code\wp-content\themes\htschools\single.php on line 40

2021-03-25T10:53:26+00:00 CRITICAL Uncaught Error: Call to undefined function wpfp_link() in C:\xampp\htdocs\Htschools-git\code\wp-content\themes\htschools\single.php:40
Stack trace:
#0 C:\xampp\htdocs\Htschools-git\code\wp-includes\template-loader.php(106): include()
#1 C:\xampp\htdocs\Htschools-git\code\wp-blog-header.php(19): require_once('C:\\xampp\\htdocs...')
#2 C:\xampp\htdocs\Htschools-git\code\index.php(17): require('C:\\xampp\\htdocs...')
#3 {main}
  thrown in C:\xampp\htdocs\Htschools-git\code\wp-content\themes\htschools\single.php on line 40

2021-03-25T11:08:58+00:00 CRITICAL Uncaught Error: Call to undefined function wpfp_link() in C:\xampp\htdocs\Htschools-git\code\wp-content\themes\htschools\single.php:40
Stack trace:
#0 C:\xampp\htdocs\Htschools-git\code\wp-includes\template-loader.php(106): include()
#1 C:\xampp\htdocs\Htschools-git\code\wp-blog-header.php(19): require_once('C:\\xampp\\htdocs...')
#2 C:\xampp\htdocs\Htschools-git\code\index.php(17): require('C:\\xampp\\htdocs...')
#3 {main}
  thrown in C:\xampp\htdocs\Htschools-git\code\wp-content\themes\htschools\single.php on line 40

2021-03-25T11:09:01+00:00 CRITICAL Uncaught Error: Call to undefined function wpfp_link() in C:\xampp\htdocs\Htschools-git\code\wp-content\themes\htschools\single.php:40
Stack trace:
#0 C:\xampp\htdocs\Htschools-git\code\wp-includes\template-loader.php(106): include()
#1 C:\xampp\htdocs\Htschools-git\code\wp-blog-header.php(19): require_once('C:\\xampp\\htdocs...')
#2 C:\xampp\htdocs\Htschools-git\code\index.php(17): require('C:\\xampp\\htdocs...')
#3 {main}
  thrown in C:\xampp\htdocs\Htschools-git\code\wp-content\themes\htschools\single.php on line 40

2021-03-25T11:09:04+00:00 CRITICAL Uncaught Error: Call to undefined function wpfp_link() in C:\xampp\htdocs\Htschools-git\code\wp-content\themes\htschools\single.php:40
Stack trace:
#0 C:\xampp\htdocs\Htschools-git\code\wp-includes\template-loader.php(106): include()
#1 C:\xampp\htdocs\Htschools-git\code\wp-blog-header.php(19): require_once('C:\\xampp\\htdocs...')
#2 C:\xampp\htdocs\Htschools-git\code\index.php(17): require('C:\\xampp\\htdocs...')
#3 {main}
  thrown in C:\xampp\htdocs\Htschools-git\code\wp-content\themes\htschools\single.php on line 40

2021-03-25T11:10:16+00:00 CRITICAL Uncaught Error: Call to undefined function wpfp_link() in C:\xampp\htdocs\Htschools-git\code\wp-content\themes\htschools\single.php:40
Stack trace:
#0 C:\xampp\htdocs\Htschools-git\code\wp-includes\template-loader.php(106): include()
#1 C:\xampp\htdocs\Htschools-git\code\wp-blog-header.php(19): require_once('C:\\xampp\\htdocs...')
#2 C:\xampp\htdocs\Htschools-git\code\index.php(17): require('C:\\xampp\\htdocs...')
#3 {main}
  thrown in C:\xampp\htdocs\Htschools-git\code\wp-content\themes\htschools\single.php on line 40

2021-03-25T11:10:21+00:00 CRITICAL Uncaught Error: Call to undefined function wpfp_link() in C:\xampp\htdocs\Htschools-git\code\wp-content\themes\htschools\single.php:40
Stack trace:
#0 C:\xampp\htdocs\Htschools-git\code\wp-includes\template-loader.php(106): include()
#1 C:\xampp\htdocs\Htschools-git\code\wp-blog-header.php(19): require_once('C:\\xampp\\htdocs...')
#2 C:\xampp\htdocs\Htschools-git\code\index.php(17): require('C:\\xampp\\htdocs...')
#3 {main}
  thrown in C:\xampp\htdocs\Htschools-git\code\wp-content\themes\htschools\single.php on line 40

2021-03-25T11:10:27+00:00 CRITICAL Uncaught Error: Call to undefined function wpfp_link() in C:\xampp\htdocs\Htschools-git\code\wp-content\themes\htschools\single.php:40
Stack trace:
#0 C:\xampp\htdocs\Htschools-git\code\wp-includes\template-loader.php(106): include()
#1 C:\xampp\htdocs\Htschools-git\code\wp-blog-header.php(19): require_once('C:\\xampp\\htdocs...')
#2 C:\xampp\htdocs\Htschools-git\code\index.php(17): require('C:\\xampp\\htdocs...')
#3 {main}
  thrown in C:\xampp\htdocs\Htschools-git\code\wp-content\themes\htschools\single.php on line 40

2021-03-25T11:11:07+00:00 CRITICAL Uncaught Error: Call to undefined function wpfp_link() in C:\xampp\htdocs\Htschools-git\code\wp-content\themes\htschools\single.php:40
Stack trace:
#0 C:\xampp\htdocs\Htschools-git\code\wp-includes\template-loader.php(106): include()
#1 C:\xampp\htdocs\Htschools-git\code\wp-blog-header.php(19): require_once('C:\\xampp\\htdocs...')
#2 C:\xampp\htdocs\Htschools-git\code\index.php(17): require('C:\\xampp\\htdocs...')
#3 {main}
  thrown in C:\xampp\htdocs\Htschools-git\code\wp-content\themes\htschools\single.php on line 40

2021-03-25T11:11:12+00:00 CRITICAL Uncaught Error: Call to undefined function wpfp_link() in C:\xampp\htdocs\Htschools-git\code\wp-content\themes\htschools\single.php:40
Stack trace:
#0 C:\xampp\htdocs\Htschools-git\code\wp-includes\template-loader.php(106): include()
#1 C:\xampp\htdocs\Htschools-git\code\wp-blog-header.php(19): require_once('C:\\xampp\\htdocs...')
#2 C:\xampp\htdocs\Htschools-git\code\index.php(17): require('C:\\xampp\\htdocs...')
#3 {main}
  thrown in C:\xampp\htdocs\Htschools-git\code\wp-content\themes\htschools\single.php on line 40

2021-03-25T11:11:16+00:00 CRITICAL Uncaught Error: Call to undefined function wpfp_link() in C:\xampp\htdocs\Htschools-git\code\wp-content\themes\htschools\single.php:40
Stack trace:
#0 C:\xampp\htdocs\Htschools-git\code\wp-includes\template-loader.php(106): include()
#1 C:\xampp\htdocs\Htschools-git\code\wp-blog-header.php(19): require_once('C:\\xampp\\htdocs...')
#2 C:\xampp\htdocs\Htschools-git\code\index.php(17): require('C:\\xampp\\htdocs...')
#3 {main}
  thrown in C:\xampp\htdocs\Htschools-git\code\wp-content\themes\htschools\single.php on line 40

2021-03-25T11:12:50+00:00 CRITICAL Uncaught Error: Call to undefined function wpfp_link() in C:\xampp\htdocs\Htschools-git\code\wp-content\themes\htschools\single.php:40
Stack trace:
#0 C:\xampp\htdocs\Htschools-git\code\wp-includes\template-loader.php(106): include()
#1 C:\xampp\htdocs\Htschools-git\code\wp-blog-header.php(19): require_once('C:\\xampp\\htdocs...')
#2 C:\xampp\htdocs\Htschools-git\code\index.php(17): require('C:\\xampp\\htdocs...')
#3 {main}
  thrown in C:\xampp\htdocs\Htschools-git\code\wp-content\themes\htschools\single.php on line 40

2021-03-25T11:12:54+00:00 CRITICAL Uncaught Error: Call to undefined function wpfp_link() in C:\xampp\htdocs\Htschools-git\code\wp-content\themes\htschools\single.php:40
Stack trace:
#0 C:\xampp\htdocs\Htschools-git\code\wp-includes\template-loader.php(106): include()
#1 C:\xampp\htdocs\Htschools-git\code\wp-blog-header.php(19): require_once('C:\\xampp\\htdocs...')
#2 C:\xampp\htdocs\Htschools-git\code\index.php(17): require('C:\\xampp\\htdocs...')
#3 {main}
  thrown in C:\xampp\htdocs\Htschools-git\code\wp-content\themes\htschools\single.php on line 40

2021-03-25T11:13:00+00:00 CRITICAL Uncaught Error: Call to undefined function wpfp_link() in C:\xampp\htdocs\Htschools-git\code\wp-content\themes\htschools\single.php:40
Stack trace:
#0 C:\xampp\htdocs\Htschools-git\code\wp-includes\template-loader.php(106): include()
#1 C:\xampp\htdocs\Htschools-git\code\wp-blog-header.php(19): require_once('C:\\xampp\\htdocs...')
#2 C:\xampp\htdocs\Htschools-git\code\index.php(17): require('C:\\xampp\\htdocs...')
#3 {main}
  thrown in C:\xampp\htdocs\Htschools-git\code\wp-content\themes\htschools\single.php on line 40

2021-03-25T11:13:19+00:00 CRITICAL Uncaught Error: Call to undefined function wpfp_link() in C:\xampp\htdocs\Htschools-git\code\wp-content\themes\htschools\single.php:40
Stack trace:
#0 C:\xampp\htdocs\Htschools-git\code\wp-includes\template-loader.php(106): include()
#1 C:\xampp\htdocs\Htschools-git\code\wp-blog-header.php(19): require_once('C:\\xampp\\htdocs...')
#2 C:\xampp\htdocs\Htschools-git\code\index.php(17): require('C:\\xampp\\htdocs...')
#3 {main}
  thrown in C:\xampp\htdocs\Htschools-git\code\wp-content\themes\htschools\single.php on line 40

2021-03-25T11:13:25+00:00 CRITICAL Uncaught Error: Call to undefined function wpfp_link() in C:\xampp\htdocs\Htschools-git\code\wp-content\themes\htschools\single.php:40
Stack trace:
#0 C:\xampp\htdocs\Htschools-git\code\wp-includes\template-loader.php(106): include()
#1 C:\xampp\htdocs\Htschools-git\code\wp-blog-header.php(19): require_once('C:\\xampp\\htdocs...')
#2 C:\xampp\htdocs\Htschools-git\code\index.php(17): require('C:\\xampp\\htdocs...')
#3 {main}
  thrown in C:\xampp\htdocs\Htschools-git\code\wp-content\themes\htschools\single.php on line 40

2021-03-25T11:13:28+00:00 CRITICAL Uncaught Error: Call to undefined function wpfp_link() in C:\xampp\htdocs\Htschools-git\code\wp-content\themes\htschools\single.php:40
Stack trace:
#0 C:\xampp\htdocs\Htschools-git\code\wp-includes\template-loader.php(106): include()
#1 C:\xampp\htdocs\Htschools-git\code\wp-blog-header.php(19): require_once('C:\\xampp\\htdocs...')
#2 C:\xampp\htdocs\Htschools-git\code\index.php(17): require('C:\\xampp\\htdocs...')
#3 {main}
  thrown in C:\xampp\htdocs\Htschools-git\code\wp-content\themes\htschools\single.php on line 40

2021-03-25T11:16:57+00:00 CRITICAL Uncaught Error: Call to undefined function wpfp_link() in C:\xampp\htdocs\Htschools-git\code\wp-content\themes\htschools\single.php:40
Stack trace:
#0 C:\xampp\htdocs\Htschools-git\code\wp-includes\template-loader.php(106): include()
#1 C:\xampp\htdocs\Htschools-git\code\wp-blog-header.php(19): require_once('C:\\xampp\\htdocs...')
#2 C:\xampp\htdocs\Htschools-git\code\index.php(17): require('C:\\xampp\\htdocs...')
#3 {main}
  thrown in C:\xampp\htdocs\Htschools-git\code\wp-content\themes\htschools\single.php on line 40

2021-03-25T11:17:00+00:00 CRITICAL Uncaught Error: Call to undefined function wpfp_link() in C:\xampp\htdocs\Htschools-git\code\wp-content\themes\htschools\single.php:40
Stack trace:
#0 C:\xampp\htdocs\Htschools-git\code\wp-includes\template-loader.php(106): include()
#1 C:\xampp\htdocs\Htschools-git\code\wp-blog-header.php(19): require_once('C:\\xampp\\htdocs...')
#2 C:\xampp\htdocs\Htschools-git\code\index.php(17): require('C:\\xampp\\htdocs...')
#3 {main}
  thrown in C:\xampp\htdocs\Htschools-git\code\wp-content\themes\htschools\single.php on line 40

2021-03-25T11:17:04+00:00 CRITICAL Uncaught Error: Call to undefined function wpfp_link() in C:\xampp\htdocs\Htschools-git\code\wp-content\themes\htschools\single.php:40
Stack trace:
#0 C:\xampp\htdocs\Htschools-git\code\wp-includes\template-loader.php(106): include()
#1 C:\xampp\htdocs\Htschools-git\code\wp-blog-header.php(19): require_once('C:\\xampp\\htdocs...')
#2 C:\xampp\htdocs\Htschools-git\code\index.php(17): require('C:\\xampp\\htdocs...')
#3 {main}
  thrown in C:\xampp\htdocs\Htschools-git\code\wp-content\themes\htschools\single.php on line 40

2021-03-25T11:17:22+00:00 CRITICAL Uncaught Error: Call to undefined function wpfp_link() in C:\xampp\htdocs\Htschools-git\code\wp-content\themes\htschools\single.php:40
Stack trace:
#0 C:\xampp\htdocs\Htschools-git\code\wp-includes\template-loader.php(106): include()
#1 C:\xampp\htdocs\Htschools-git\code\wp-blog-header.php(19): require_once('C:\\xampp\\htdocs...')
#2 C:\xampp\htdocs\Htschools-git\code\index.php(17): require('C:\\xampp\\htdocs...')
#3 {main}
  thrown in C:\xampp\htdocs\Htschools-git\code\wp-content\themes\htschools\single.php on line 40

2021-03-25T11:17:27+00:00 CRITICAL Uncaught Error: Call to undefined function wpfp_link() in C:\xampp\htdocs\Htschools-git\code\wp-content\themes\htschools\single.php:40
Stack trace:
#0 C:\xampp\htdocs\Htschools-git\code\wp-includes\template-loader.php(106): include()
#1 C:\xampp\htdocs\Htschools-git\code\wp-blog-header.php(19): require_once('C:\\xampp\\htdocs...')
#2 C:\xampp\htdocs\Htschools-git\code\index.php(17): require('C:\\xampp\\htdocs...')
#3 {main}
  thrown in C:\xampp\htdocs\Htschools-git\code\wp-content\themes\htschools\single.php on line 40

2021-03-25T11:17:29+00:00 CRITICAL Uncaught Error: Call to undefined function wpfp_link() in C:\xampp\htdocs\Htschools-git\code\wp-content\themes\htschools\single.php:40
Stack trace:
#0 C:\xampp\htdocs\Htschools-git\code\wp-includes\template-loader.php(106): include()
#1 C:\xampp\htdocs\Htschools-git\code\wp-blog-header.php(19): require_once('C:\\xampp\\htdocs...')
#2 C:\xampp\htdocs\Htschools-git\code\index.php(17): require('C:\\xampp\\htdocs...')
#3 {main}
  thrown in C:\xampp\htdocs\Htschools-git\code\wp-content\themes\htschools\single.php on line 40

2021-03-25T11:18:16+00:00 CRITICAL Uncaught Error: Call to undefined function wpfp_link() in C:\xampp\htdocs\Htschools-git\code\wp-content\themes\htschools\single.php:40
Stack trace:
#0 C:\xampp\htdocs\Htschools-git\code\wp-includes\template-loader.php(106): include()
#1 C:\xampp\htdocs\Htschools-git\code\wp-blog-header.php(19): require_once('C:\\xampp\\htdocs...')
#2 C:\xampp\htdocs\Htschools-git\code\index.php(17): require('C:\\xampp\\htdocs...')
#3 {main}
  thrown in C:\xampp\htdocs\Htschools-git\code\wp-content\themes\htschools\single.php on line 40

2021-03-25T11:18:19+00:00 CRITICAL Uncaught Error: Call to undefined function wpfp_link() in C:\xampp\htdocs\Htschools-git\code\wp-content\themes\htschools\single.php:40
Stack trace:
#0 C:\xampp\htdocs\Htschools-git\code\wp-includes\template-loader.php(106): include()
#1 C:\xampp\htdocs\Htschools-git\code\wp-blog-header.php(19): require_once('C:\\xampp\\htdocs...')
#2 C:\xampp\htdocs\Htschools-git\code\index.php(17): require('C:\\xampp\\htdocs...')
#3 {main}
  thrown in C:\xampp\htdocs\Htschools-git\code\wp-content\themes\htschools\single.php on line 40

2021-03-25T11:18:23+00:00 CRITICAL Uncaught Error: Call to undefined function wpfp_link() in C:\xampp\htdocs\Htschools-git\code\wp-content\themes\htschools\single.php:40
Stack trace:
#0 C:\xampp\htdocs\Htschools-git\code\wp-includes\template-loader.php(106): include()
#1 C:\xampp\htdocs\Htschools-git\code\wp-blog-header.php(19): require_once('C:\\xampp\\htdocs...')
#2 C:\xampp\htdocs\Htschools-git\code\index.php(17): require('C:\\xampp\\htdocs...')
#3 {main}
  thrown in C:\xampp\htdocs\Htschools-git\code\wp-content\themes\htschools\single.php on line 40

2021-03-25T11:28:59+00:00 CRITICAL Uncaught Error: Call to undefined function wpfp_link() in C:\xampp\htdocs\Htschools-git\code\wp-content\themes\htschools\single.php:40
Stack trace:
#0 C:\xampp\htdocs\Htschools-git\code\wp-includes\template-loader.php(106): include()
#1 C:\xampp\htdocs\Htschools-git\code\wp-blog-header.php(19): require_once('C:\\xampp\\htdocs...')
#2 C:\xampp\htdocs\Htschools-git\code\index.php(17): require('C:\\xampp\\htdocs...')
#3 {main}
  thrown in C:\xampp\htdocs\Htschools-git\code\wp-content\themes\htschools\single.php on line 40

2021-03-25T11:29:03+00:00 CRITICAL Uncaught Error: Call to undefined function wpfp_link() in C:\xampp\htdocs\Htschools-git\code\wp-content\themes\htschools\single.php:40
Stack trace:
#0 C:\xampp\htdocs\Htschools-git\code\wp-includes\template-loader.php(106): include()
#1 C:\xampp\htdocs\Htschools-git\code\wp-blog-header.php(19): require_once('C:\\xampp\\htdocs...')
#2 C:\xampp\htdocs\Htschools-git\code\index.php(17): require('C:\\xampp\\htdocs...')
#3 {main}
  thrown in C:\xampp\htdocs\Htschools-git\code\wp-content\themes\htschools\single.php on line 40

2021-03-25T11:29:07+00:00 CRITICAL Uncaught Error: Call to undefined function wpfp_link() in C:\xampp\htdocs\Htschools-git\code\wp-content\themes\htschools\single.php:40
Stack trace:
#0 C:\xampp\htdocs\Htschools-git\code\wp-includes\template-loader.php(106): include()
#1 C:\xampp\htdocs\Htschools-git\code\wp-blog-header.php(19): require_once('C:\\xampp\\htdocs...')
#2 C:\xampp\htdocs\Htschools-git\code\index.php(17): require('C:\\xampp\\htdocs...')
#3 {main}
  thrown in C:\xampp\htdocs\Htschools-git\code\wp-content\themes\htschools\single.php on line 40

2021-03-25T11:32:35+00:00 CRITICAL Uncaught Error: Call to undefined function wpfp_link() in C:\xampp\htdocs\Htschools-git\code\wp-content\themes\htschools\single.php:40
Stack trace:
#0 C:\xampp\htdocs\Htschools-git\code\wp-includes\template-loader.php(106): include()
#1 C:\xampp\htdocs\Htschools-git\code\wp-blog-header.php(19): require_once('C:\\xampp\\htdocs...')
#2 C:\xampp\htdocs\Htschools-git\code\index.php(17): require('C:\\xampp\\htdocs...')
#3 {main}
  thrown in C:\xampp\htdocs\Htschools-git\code\wp-content\themes\htschools\single.php on line 40

2021-03-25T11:32:39+00:00 CRITICAL Uncaught Error: Call to undefined function wpfp_link() in C:\xampp\htdocs\Htschools-git\code\wp-content\themes\htschools\single.php:40
Stack trace:
#0 C:\xampp\htdocs\Htschools-git\code\wp-includes\template-loader.php(106): include()
#1 C:\xampp\htdocs\Htschools-git\code\wp-blog-header.php(19): require_once('C:\\xampp\\htdocs...')
#2 C:\xampp\htdocs\Htschools-git\code\index.php(17): require('C:\\xampp\\htdocs...')
#3 {main}
  thrown in C:\xampp\htdocs\Htschools-git\code\wp-content\themes\htschools\single.php on line 40

2021-03-25T11:32:43+00:00 CRITICAL Uncaught Error: Call to undefined function wpfp_link() in C:\xampp\htdocs\Htschools-git\code\wp-content\themes\htschools\single.php:40
Stack trace:
#0 C:\xampp\htdocs\Htschools-git\code\wp-includes\template-loader.php(106): include()
#1 C:\xampp\htdocs\Htschools-git\code\wp-blog-header.php(19): require_once('C:\\xampp\\htdocs...')
#2 C:\xampp\htdocs\Htschools-git\code\index.php(17): require('C:\\xampp\\htdocs...')
#3 {main}
  thrown in C:\xampp\htdocs\Htschools-git\code\wp-content\themes\htschools\single.php on line 40

2021-03-25T11:34:27+00:00 CRITICAL Uncaught Error: Call to undefined function wpfp_link() in C:\xampp\htdocs\Htschools-git\code\wp-content\themes\htschools\single.php:40
Stack trace:
#0 C:\xampp\htdocs\Htschools-git\code\wp-includes\template-loader.php(106): include()
#1 C:\xampp\htdocs\Htschools-git\code\wp-blog-header.php(19): require_once('C:\\xampp\\htdocs...')
#2 C:\xampp\htdocs\Htschools-git\code\index.php(17): require('C:\\xampp\\htdocs...')
#3 {main}
  thrown in C:\xampp\htdocs\Htschools-git\code\wp-content\themes\htschools\single.php on line 40

2021-03-25T11:34:31+00:00 CRITICAL Uncaught Error: Call to undefined function wpfp_link() in C:\xampp\htdocs\Htschools-git\code\wp-content\themes\htschools\single.php:40
Stack trace:
#0 C:\xampp\htdocs\Htschools-git\code\wp-includes\template-loader.php(106): include()
#1 C:\xampp\htdocs\Htschools-git\code\wp-blog-header.php(19): require_once('C:\\xampp\\htdocs...')
#2 C:\xampp\htdocs\Htschools-git\code\index.php(17): require('C:\\xampp\\htdocs...')
#3 {main}
  thrown in C:\xampp\htdocs\Htschools-git\code\wp-content\themes\htschools\single.php on line 40

2021-03-25T11:34:35+00:00 CRITICAL Uncaught Error: Call to undefined function wpfp_link() in C:\xampp\htdocs\Htschools-git\code\wp-content\themes\htschools\single.php:40
Stack trace:
#0 C:\xampp\htdocs\Htschools-git\code\wp-includes\template-loader.php(106): include()
#1 C:\xampp\htdocs\Htschools-git\code\wp-blog-header.php(19): require_once('C:\\xampp\\htdocs...')
#2 C:\xampp\htdocs\Htschools-git\code\index.php(17): require('C:\\xampp\\htdocs...')
#3 {main}
  thrown in C:\xampp\htdocs\Htschools-git\code\wp-content\themes\htschools\single.php on line 40

2021-03-25T11:34:52+00:00 CRITICAL Uncaught Error: Call to undefined function wpfp_link() in C:\xampp\htdocs\Htschools-git\code\wp-content\themes\htschools\single.php:40
Stack trace:
#0 C:\xampp\htdocs\Htschools-git\code\wp-includes\template-loader.php(106): include()
#1 C:\xampp\htdocs\Htschools-git\code\wp-blog-header.php(19): require_once('C:\\xampp\\htdocs...')
#2 C:\xampp\htdocs\Htschools-git\code\index.php(17): require('C:\\xampp\\htdocs...')
#3 {main}
  thrown in C:\xampp\htdocs\Htschools-git\code\wp-content\themes\htschools\single.php on line 40

2021-03-25T11:34:56+00:00 CRITICAL Uncaught Error: Call to undefined function wpfp_link() in C:\xampp\htdocs\Htschools-git\code\wp-content\themes\htschools\single.php:40
Stack trace:
#0 C:\xampp\htdocs\Htschools-git\code\wp-includes\template-loader.php(106): include()
#1 C:\xampp\htdocs\Htschools-git\code\wp-blog-header.php(19): require_once('C:\\xampp\\htdocs...')
#2 C:\xampp\htdocs\Htschools-git\code\index.php(17): require('C:\\xampp\\htdocs...')
#3 {main}
  thrown in C:\xampp\htdocs\Htschools-git\code\wp-content\themes\htschools\single.php on line 40

2021-03-25T11:34:59+00:00 CRITICAL Uncaught Error: Call to undefined function wpfp_link() in C:\xampp\htdocs\Htschools-git\code\wp-content\themes\htschools\single.php:40
Stack trace:
#0 C:\xampp\htdocs\Htschools-git\code\wp-includes\template-loader.php(106): include()
#1 C:\xampp\htdocs\Htschools-git\code\wp-blog-header.php(19): require_once('C:\\xampp\\htdocs...')
#2 C:\xampp\htdocs\Htschools-git\code\index.php(17): require('C:\\xampp\\htdocs...')
#3 {main}
  thrown in C:\xampp\htdocs\Htschools-git\code\wp-content\themes\htschools\single.php on line 40

2021-03-25T11:35:39+00:00 CRITICAL Uncaught Error: Call to undefined function wpfp_link() in C:\xampp\htdocs\Htschools-git\code\wp-content\themes\htschools\single.php:40
Stack trace:
#0 C:\xampp\htdocs\Htschools-git\code\wp-includes\template-loader.php(106): include()
#1 C:\xampp\htdocs\Htschools-git\code\wp-blog-header.php(19): require_once('C:\\xampp\\htdocs...')
#2 C:\xampp\htdocs\Htschools-git\code\index.php(17): require('C:\\xampp\\htdocs...')
#3 {main}
  thrown in C:\xampp\htdocs\Htschools-git\code\wp-content\themes\htschools\single.php on line 40

2021-03-25T11:35:43+00:00 CRITICAL Uncaught Error: Call to undefined function wpfp_link() in C:\xampp\htdocs\Htschools-git\code\wp-content\themes\htschools\single.php:40
Stack trace:
#0 C:\xampp\htdocs\Htschools-git\code\wp-includes\template-loader.php(106): include()
#1 C:\xampp\htdocs\Htschools-git\code\wp-blog-header.php(19): require_once('C:\\xampp\\htdocs...')
#2 C:\xampp\htdocs\Htschools-git\code\index.php(17): require('C:\\xampp\\htdocs...')
#3 {main}
  thrown in C:\xampp\htdocs\Htschools-git\code\wp-content\themes\htschools\single.php on line 40

2021-03-25T11:36:10+00:00 CRITICAL Uncaught Error: Call to undefined function wpfp_link() in C:\xampp\htdocs\Htschools-git\code\wp-content\themes\htschools\single.php:40
Stack trace:
#0 C:\xampp\htdocs\Htschools-git\code\wp-includes\template-loader.php(106): include()
#1 C:\xampp\htdocs\Htschools-git\code\wp-blog-header.php(19): require_once('C:\\xampp\\htdocs...')
#2 C:\xampp\htdocs\Htschools-git\code\index.php(17): require('C:\\xampp\\htdocs...')
#3 {main}
  thrown in C:\xampp\htdocs\Htschools-git\code\wp-content\themes\htschools\single.php on line 40

2021-03-25T11:36:14+00:00 CRITICAL Uncaught Error: Call to undefined function wpfp_link() in C:\xampp\htdocs\Htschools-git\code\wp-content\themes\htschools\single.php:40
Stack trace:
#0 C:\xampp\htdocs\Htschools-git\code\wp-includes\template-loader.php(106): include()
#1 C:\xampp\htdocs\Htschools-git\code\wp-blog-header.php(19): require_once('C:\\xampp\\htdocs...')
#2 C:\xampp\htdocs\Htschools-git\code\index.php(17): require('C:\\xampp\\htdocs...')
#3 {main}
  thrown in C:\xampp\htdocs\Htschools-git\code\wp-content\themes\htschools\single.php on line 40

2021-03-25T11:36:18+00:00 CRITICAL Uncaught Error: Call to undefined function wpfp_link() in C:\xampp\htdocs\Htschools-git\code\wp-content\themes\htschools\single.php:40
Stack trace:
#0 C:\xampp\htdocs\Htschools-git\code\wp-includes\template-loader.php(106): include()
#1 C:\xampp\htdocs\Htschools-git\code\wp-blog-header.php(19): require_once('C:\\xampp\\htdocs...')
#2 C:\xampp\htdocs\Htschools-git\code\index.php(17): require('C:\\xampp\\htdocs...')
#3 {main}
  thrown in C:\xampp\htdocs\Htschools-git\code\wp-content\themes\htschools\single.php on line 40

2021-03-25T11:36:20+00:00 CRITICAL Uncaught Error: Call to undefined function wpfp_link() in C:\xampp\htdocs\Htschools-git\code\wp-content\themes\htschools\single.php:40
Stack trace:
#0 C:\xampp\htdocs\Htschools-git\code\wp-includes\template-loader.php(106): include()
#1 C:\xampp\htdocs\Htschools-git\code\wp-blog-header.php(19): require_once('C:\\xampp\\htdocs...')
#2 C:\xampp\htdocs\Htschools-git\code\index.php(17): require('C:\\xampp\\htdocs...')
#3 {main}
  thrown in C:\xampp\htdocs\Htschools-git\code\wp-content\themes\htschools\single.php on line 40

2021-03-25T11:36:23+00:00 CRITICAL Uncaught Error: Call to undefined function wpfp_link() in C:\xampp\htdocs\Htschools-git\code\wp-content\themes\htschools\single.php:40
Stack trace:
#0 C:\xampp\htdocs\Htschools-git\code\wp-includes\template-loader.php(106): include()
#1 C:\xampp\htdocs\Htschools-git\code\wp-blog-header.php(19): require_once('C:\\xampp\\htdocs...')
#2 C:\xampp\htdocs\Htschools-git\code\index.php(17): require('C:\\xampp\\htdocs...')
#3 {main}
  thrown in C:\xampp\htdocs\Htschools-git\code\wp-content\themes\htschools\single.php on line 40

2021-03-25T11:36:28+00:00 CRITICAL Uncaught Error: Call to undefined function wpfp_link() in C:\xampp\htdocs\Htschools-git\code\wp-content\themes\htschools\single.php:40
Stack trace:
#0 C:\xampp\htdocs\Htschools-git\code\wp-includes\template-loader.php(106): include()
#1 C:\xampp\htdocs\Htschools-git\code\wp-blog-header.php(19): require_once('C:\\xampp\\htdocs...')
#2 C:\xampp\htdocs\Htschools-git\code\index.php(17): require('C:\\xampp\\htdocs...')
#3 {main}
  thrown in C:\xampp\htdocs\Htschools-git\code\wp-content\themes\htschools\single.php on line 40

2021-03-25T11:36:31+00:00 CRITICAL Uncaught Error: Call to undefined function wpfp_link() in C:\xampp\htdocs\Htschools-git\code\wp-content\themes\htschools\single.php:40
Stack trace:
#0 C:\xampp\htdocs\Htschools-git\code\wp-includes\template-loader.php(106): include()
#1 C:\xampp\htdocs\Htschools-git\code\wp-blog-header.php(19): require_once('C:\\xampp\\htdocs...')
#2 C:\xampp\htdocs\Htschools-git\code\index.php(17): require('C:\\xampp\\htdocs...')
#3 {main}
  thrown in C:\xampp\htdocs\Htschools-git\code\wp-content\themes\htschools\single.php on line 40

2021-03-25T11:36:35+00:00 CRITICAL Uncaught Error: Call to undefined function wpfp_link() in C:\xampp\htdocs\Htschools-git\code\wp-content\themes\htschools\single.php:40
Stack trace:
#0 C:\xampp\htdocs\Htschools-git\code\wp-includes\template-loader.php(106): include()
#1 C:\xampp\htdocs\Htschools-git\code\wp-blog-header.php(19): require_once('C:\\xampp\\htdocs...')
#2 C:\xampp\htdocs\Htschools-git\code\index.php(17): require('C:\\xampp\\htdocs...')
#3 {main}
  thrown in C:\xampp\htdocs\Htschools-git\code\wp-content\themes\htschools\single.php on line 40

2021-03-25T11:36:51+00:00 CRITICAL Uncaught Error: Call to undefined function wpfp_link() in C:\xampp\htdocs\Htschools-git\code\wp-content\themes\htschools\single.php:40
Stack trace:
#0 C:\xampp\htdocs\Htschools-git\code\wp-includes\template-loader.php(106): include()
#1 C:\xampp\htdocs\Htschools-git\code\wp-blog-header.php(19): require_once('C:\\xampp\\htdocs...')
#2 C:\xampp\htdocs\Htschools-git\code\index.php(17): require('C:\\xampp\\htdocs...')
#3 {main}
  thrown in C:\xampp\htdocs\Htschools-git\code\wp-content\themes\htschools\single.php on line 40

2021-03-25T11:36:53+00:00 CRITICAL Uncaught Error: Call to undefined function wpfp_link() in C:\xampp\htdocs\Htschools-git\code\wp-content\themes\htschools\single.php:40
Stack trace:
#0 C:\xampp\htdocs\Htschools-git\code\wp-includes\template-loader.php(106): include()
#1 C:\xampp\htdocs\Htschools-git\code\wp-blog-header.php(19): require_once('C:\\xampp\\htdocs...')
#2 C:\xampp\htdocs\Htschools-git\code\index.php(17): require('C:\\xampp\\htdocs...')
#3 {main}
  thrown in C:\xampp\htdocs\Htschools-git\code\wp-content\themes\htschools\single.php on line 40

2021-03-25T11:36:55+00:00 CRITICAL Uncaught Error: Call to undefined function wpfp_link() in C:\xampp\htdocs\Htschools-git\code\wp-content\themes\htschools\single.php:40
Stack trace:
#0 C:\xampp\htdocs\Htschools-git\code\wp-includes\template-loader.php(106): include()
#1 C:\xampp\htdocs\Htschools-git\code\wp-blog-header.php(19): require_once('C:\\xampp\\htdocs...')
#2 C:\xampp\htdocs\Htschools-git\code\index.php(17): require('C:\\xampp\\htdocs...')
#3 {main}
  thrown in C:\xampp\htdocs\Htschools-git\code\wp-content\themes\htschools\single.php on line 40

2021-03-25T11:38:09+00:00 CRITICAL Uncaught Error: Call to undefined function wpfp_link() in C:\xampp\htdocs\Htschools-git\code\wp-content\themes\htschools\single.php:40
Stack trace:
#0 C:\xampp\htdocs\Htschools-git\code\wp-includes\template-loader.php(106): include()
#1 C:\xampp\htdocs\Htschools-git\code\wp-blog-header.php(19): require_once('C:\\xampp\\htdocs...')
#2 C:\xampp\htdocs\Htschools-git\code\index.php(17): require('C:\\xampp\\htdocs...')
#3 {main}
  thrown in C:\xampp\htdocs\Htschools-git\code\wp-content\themes\htschools\single.php on line 40

2021-03-25T11:38:13+00:00 CRITICAL Uncaught Error: Call to undefined function wpfp_link() in C:\xampp\htdocs\Htschools-git\code\wp-content\themes\htschools\single.php:40
Stack trace:
#0 C:\xampp\htdocs\Htschools-git\code\wp-includes\template-loader.php(106): include()
#1 C:\xampp\htdocs\Htschools-git\code\wp-blog-header.php(19): require_once('C:\\xampp\\htdocs...')
#2 C:\xampp\htdocs\Htschools-git\code\index.php(17): require('C:\\xampp\\htdocs...')
#3 {main}
  thrown in C:\xampp\htdocs\Htschools-git\code\wp-content\themes\htschools\single.php on line 40

2021-03-25T11:38:18+00:00 CRITICAL Uncaught Error: Call to undefined function wpfp_link() in C:\xampp\htdocs\Htschools-git\code\wp-content\themes\htschools\single.php:40
Stack trace:
#0 C:\xampp\htdocs\Htschools-git\code\wp-includes\template-loader.php(106): include()
#1 C:\xampp\htdocs\Htschools-git\code\wp-blog-header.php(19): require_once('C:\\xampp\\htdocs...')
#2 C:\xampp\htdocs\Htschools-git\code\index.php(17): require('C:\\xampp\\htdocs...')
#3 {main}
  thrown in C:\xampp\htdocs\Htschools-git\code\wp-content\themes\htschools\single.php on line 40

2021-03-25T11:40:19+00:00 CRITICAL Uncaught Error: Call to undefined function wpfp_link() in C:\xampp\htdocs\Htschools-git\code\wp-content\themes\htschools\single.php:40
Stack trace:
#0 C:\xampp\htdocs\Htschools-git\code\wp-includes\template-loader.php(106): include()
#1 C:\xampp\htdocs\Htschools-git\code\wp-blog-header.php(19): require_once('C:\\xampp\\htdocs...')
#2 C:\xampp\htdocs\Htschools-git\code\index.php(17): require('C:\\xampp\\htdocs...')
#3 {main}
  thrown in C:\xampp\htdocs\Htschools-git\code\wp-content\themes\htschools\single.php on line 40

2021-03-25T11:40:28+00:00 CRITICAL Uncaught Error: Call to undefined function wpfp_link() in C:\xampp\htdocs\Htschools-git\code\wp-content\themes\htschools\single.php:40
Stack trace:
#0 C:\xampp\htdocs\Htschools-git\code\wp-includes\template-loader.php(106): include()
#1 C:\xampp\htdocs\Htschools-git\code\wp-blog-header.php(19): require_once('C:\\xampp\\htdocs...')
#2 C:\xampp\htdocs\Htschools-git\code\index.php(17): require('C:\\xampp\\htdocs...')
#3 {main}
  thrown in C:\xampp\htdocs\Htschools-git\code\wp-content\themes\htschools\single.php on line 40

2021-03-25T11:40:33+00:00 CRITICAL Uncaught Error: Call to undefined function wpfp_link() in C:\xampp\htdocs\Htschools-git\code\wp-content\themes\htschools\single.php:40
Stack trace:
#0 C:\xampp\htdocs\Htschools-git\code\wp-includes\template-loader.php(106): include()
#1 C:\xampp\htdocs\Htschools-git\code\wp-blog-header.php(19): require_once('C:\\xampp\\htdocs...')
#2 C:\xampp\htdocs\Htschools-git\code\index.php(17): require('C:\\xampp\\htdocs...')
#3 {main}
  thrown in C:\xampp\htdocs\Htschools-git\code\wp-content\themes\htschools\single.php on line 40

2021-03-25T11:40:37+00:00 CRITICAL Uncaught Error: Call to undefined function wpfp_link() in C:\xampp\htdocs\Htschools-git\code\wp-content\themes\htschools\single.php:40
Stack trace:
#0 C:\xampp\htdocs\Htschools-git\code\wp-includes\template-loader.php(106): include()
#1 C:\xampp\htdocs\Htschools-git\code\wp-blog-header.php(19): require_once('C:\\xampp\\htdocs...')
#2 C:\xampp\htdocs\Htschools-git\code\index.php(17): require('C:\\xampp\\htdocs...')
#3 {main}
  thrown in C:\xampp\htdocs\Htschools-git\code\wp-content\themes\htschools\single.php on line 40

2021-03-25T11:42:12+00:00 CRITICAL Uncaught Error: Call to undefined function wpfp_link() in C:\xampp\htdocs\Htschools-git\code\wp-content\themes\htschools\single.php:40
Stack trace:
#0 C:\xampp\htdocs\Htschools-git\code\wp-includes\template-loader.php(106): include()
#1 C:\xampp\htdocs\Htschools-git\code\wp-blog-header.php(19): require_once('C:\\xampp\\htdocs...')
#2 C:\xampp\htdocs\Htschools-git\code\index.php(17): require('C:\\xampp\\htdocs...')
#3 {main}
  thrown in C:\xampp\htdocs\Htschools-git\code\wp-content\themes\htschools\single.php on line 40

2021-03-25T11:42:16+00:00 CRITICAL Uncaught Error: Call to undefined function wpfp_link() in C:\xampp\htdocs\Htschools-git\code\wp-content\themes\htschools\single.php:40
Stack trace:
#0 C:\xampp\htdocs\Htschools-git\code\wp-includes\template-loader.php(106): include()
#1 C:\xampp\htdocs\Htschools-git\code\wp-blog-header.php(19): require_once('C:\\xampp\\htdocs...')
#2 C:\xampp\htdocs\Htschools-git\code\index.php(17): require('C:\\xampp\\htdocs...')
#3 {main}
  thrown in C:\xampp\htdocs\Htschools-git\code\wp-content\themes\htschools\single.php on line 40

2021-03-25T11:42:24+00:00 CRITICAL Uncaught Error: Call to undefined function wpfp_link() in C:\xampp\htdocs\Htschools-git\code\wp-content\themes\htschools\single.php:40
Stack trace:
#0 C:\xampp\htdocs\Htschools-git\code\wp-includes\template-loader.php(106): include()
#1 C:\xampp\htdocs\Htschools-git\code\wp-blog-header.php(19): require_once('C:\\xampp\\htdocs...')
#2 C:\xampp\htdocs\Htschools-git\code\index.php(17): require('C:\\xampp\\htdocs...')
#3 {main}
  thrown in C:\xampp\htdocs\Htschools-git\code\wp-content\themes\htschools\single.php on line 40

2021-03-25T11:42:29+00:00 CRITICAL Uncaught Error: Call to undefined function wpfp_link() in C:\xampp\htdocs\Htschools-git\code\wp-content\themes\htschools\single.php:40
Stack trace:
#0 C:\xampp\htdocs\Htschools-git\code\wp-includes\template-loader.php(106): include()
#1 C:\xampp\htdocs\Htschools-git\code\wp-blog-header.php(19): require_once('C:\\xampp\\htdocs...')
#2 C:\xampp\htdocs\Htschools-git\code\index.php(17): require('C:\\xampp\\htdocs...')
#3 {main}
  thrown in C:\xampp\htdocs\Htschools-git\code\wp-content\themes\htschools\single.php on line 40

2021-03-25T11:42:33+00:00 CRITICAL Uncaught Error: Call to undefined function wpfp_link() in C:\xampp\htdocs\Htschools-git\code\wp-content\themes\htschools\single.php:40
Stack trace:
#0 C:\xampp\htdocs\Htschools-git\code\wp-includes\template-loader.php(106): include()
#1 C:\xampp\htdocs\Htschools-git\code\wp-blog-header.php(19): require_once('C:\\xampp\\htdocs...')
#2 C:\xampp\htdocs\Htschools-git\code\index.php(17): require('C:\\xampp\\htdocs...')
#3 {main}
  thrown in C:\xampp\htdocs\Htschools-git\code\wp-content\themes\htschools\single.php on line 40

2021-03-25T13:29:50+00:00 CRITICAL syntax error, unexpected '$course_tag' (T_VARIABLE), expecting '(' in C:\xampp\htdocs\Htschools-git\code\wp-content\themes\htschools\course\single\home.php on line 152

2021-03-25T13:32:46+00:00 CRITICAL syntax error, unexpected '/' in C:\xampp\htdocs\Htschools-git\code\wp-content\themes\htschools\course\single\home.php on line 152

