2021-03-15T08:15:05+00:00 CRITICAL Uncaught Error: Class 'Elementor\Frontend' not found in C:\xampp\htdocs\Htschools\wordpress\wp-content\plugins\wplms_plugin\includes\class.actions.php:383
Stack trace:
#0 C:\xampp\htdocs\Htschools\wordpress\wp-includes\class-wp-hook.php(287): WPLMS_4_Actions->course_content('<a href="https:...')
#1 C:\xampp\htdocs\Htschools\wordpress\wp-includes\plugin.php(212): WP_Hook->apply_filters('Lorem ipsum dol...', Array)
#2 C:\xampp\htdocs\Htschools\wordpress\wp-includes\post-template.php(253): apply_filters('the_content', 'Lorem ipsum dol...')
#3 C:\xampp\htdocs\Htschools\wordpress\wp-content\plugins\wplms_plugin\includes\vibe-course-module\includes\templates\course\index.php(15): the_content()
#4 C:\xampp\htdocs\Htschools\wordpress\wp-includes\template.php(730): require_once('C:\\xampp\\htdocs...')
#5 C:\xampp\htdocs\Htschools\wordpress\wp-content\plugins\buddypress\bp-core\bp-core-catchuri.php(493): load_template('C:\\xampp\\htdocs...')
#6 C:\xampp\htdocs\Htschools\wordpress\wp-content\plugins\wplms_plugin\include in C:\xampp\htdocs\Htschools\wordpress\wp-content\plugins\wplms_plugin\includes\class.actions.php on line 383

2021-03-15T13:30:11+00:00 CRITICAL Uncaught Error: Call to undefined function vibe_get_header() in C:\xampp\htdocs\Htschools\wordpress\wp-content\themes\ht-schools\course\index.php:15
Stack trace:
#0 C:\xampp\htdocs\Htschools\wordpress\wp-includes\template.php(730): require_once()
#1 C:\xampp\htdocs\Htschools\wordpress\wp-content\plugins\buddypress\bp-core\bp-core-catchuri.php(493): load_template('C:\\xampp\\htdocs...')
#2 C:\xampp\htdocs\Htschools\wordpress\wp-content\plugins\wplms_plugin\includes\vibe-course-module\includes\bp-course-screens.php(29): bp_core_load_template('course/index')
#3 C:\xampp\htdocs\Htschools\wordpress\wp-includes\class-wp-hook.php(287): bp_course_directory_setup('')
#4 C:\xampp\htdocs\Htschools\wordpress\wp-includes\class-wp-hook.php(311): WP_Hook->apply_filters(NULL, Array)
#5 C:\xampp\htdocs\Htschools\wordpress\wp-includes\plugin.php(484): WP_Hook->do_action(Array)
#6 C:\xampp\htdocs\Htschools\wordpress\wp-content\plugins\buddypress\bp-core\bp-core-dependency.php(373): do_action('bp_screens')
#7 C:\xampp\htdocs\Hts in C:\xampp\htdocs\Htschools\wordpress\wp-content\themes\ht-schools\course\index.php on line 15

2021-03-15T13:30:11+00:00 CRITICAL Uncaught Error: Call to undefined function vibe_get_header() in C:\xampp\htdocs\Htschools\wordpress\wp-content\themes\ht-schools\course\index.php:15
Stack trace:
#0 C:\xampp\htdocs\Htschools\wordpress\wp-includes\template.php(730): require_once()
#1 C:\xampp\htdocs\Htschools\wordpress\wp-content\plugins\buddypress\bp-core\bp-core-catchuri.php(493): load_template('C:\\xampp\\htdocs...')
#2 C:\xampp\htdocs\Htschools\wordpress\wp-content\plugins\wplms_plugin\includes\vibe-course-module\includes\bp-course-screens.php(29): bp_core_load_template('course/index')
#3 C:\xampp\htdocs\Htschools\wordpress\wp-includes\class-wp-hook.php(287): bp_course_directory_setup('')
#4 C:\xampp\htdocs\Htschools\wordpress\wp-includes\class-wp-hook.php(311): WP_Hook->apply_filters(NULL, Array)
#5 C:\xampp\htdocs\Htschools\wordpress\wp-includes\plugin.php(484): WP_Hook->do_action(Array)
#6 C:\xampp\htdocs\Htschools\wordpress\wp-content\plugins\buddypress\bp-core\bp-core-dependency.php(373): do_action('bp_screens')
#7 C:\xampp\htdocs\Hts in C:\xampp\htdocs\Htschools\wordpress\wp-content\themes\ht-schools\course\index.php on line 15

2021-03-15T13:30:11+00:00 CRITICAL Uncaught Error: Call to undefined function vibe_get_header() in C:\xampp\htdocs\Htschools\wordpress\wp-content\themes\ht-schools\course\index.php:15
Stack trace:
#0 C:\xampp\htdocs\Htschools\wordpress\wp-includes\template.php(730): require_once()
#1 C:\xampp\htdocs\Htschools\wordpress\wp-content\plugins\buddypress\bp-core\bp-core-catchuri.php(493): load_template('C:\\xampp\\htdocs...')
#2 C:\xampp\htdocs\Htschools\wordpress\wp-content\plugins\wplms_plugin\includes\vibe-course-module\includes\bp-course-screens.php(29): bp_core_load_template('course/index')
#3 C:\xampp\htdocs\Htschools\wordpress\wp-includes\class-wp-hook.php(287): bp_course_directory_setup('')
#4 C:\xampp\htdocs\Htschools\wordpress\wp-includes\class-wp-hook.php(311): WP_Hook->apply_filters(NULL, Array)
#5 C:\xampp\htdocs\Htschools\wordpress\wp-includes\plugin.php(484): WP_Hook->do_action(Array)
#6 C:\xampp\htdocs\Htschools\wordpress\wp-content\plugins\buddypress\bp-core\bp-core-dependency.php(373): do_action('bp_screens')
#7 C:\xampp\htdocs\Hts in C:\xampp\htdocs\Htschools\wordpress\wp-content\themes\ht-schools\course\index.php on line 15

2021-03-15T13:30:11+00:00 CRITICAL Uncaught Error: Call to undefined function vibe_get_header() in C:\xampp\htdocs\Htschools\wordpress\wp-content\themes\ht-schools\course\index.php:15
Stack trace:
#0 C:\xampp\htdocs\Htschools\wordpress\wp-includes\template.php(730): require_once()
#1 C:\xampp\htdocs\Htschools\wordpress\wp-content\plugins\buddypress\bp-core\bp-core-catchuri.php(493): load_template('C:\\xampp\\htdocs...')
#2 C:\xampp\htdocs\Htschools\wordpress\wp-content\plugins\wplms_plugin\includes\vibe-course-module\includes\bp-course-screens.php(29): bp_core_load_template('course/index')
#3 C:\xampp\htdocs\Htschools\wordpress\wp-includes\class-wp-hook.php(287): bp_course_directory_setup('')
#4 C:\xampp\htdocs\Htschools\wordpress\wp-includes\class-wp-hook.php(311): WP_Hook->apply_filters(NULL, Array)
#5 C:\xampp\htdocs\Htschools\wordpress\wp-includes\plugin.php(484): WP_Hook->do_action(Array)
#6 C:\xampp\htdocs\Htschools\wordpress\wp-content\plugins\buddypress\bp-core\bp-core-dependency.php(373): do_action('bp_screens')
#7 C:\xampp\htdocs\Hts in C:\xampp\htdocs\Htschools\wordpress\wp-content\themes\ht-schools\course\index.php on line 15

2021-03-15T13:31:05+00:00 CRITICAL Uncaught Error: Call to undefined function vibe_get_customizer() in C:\xampp\htdocs\Htschools\wordpress\wp-content\themes\ht-schools\course\index.php:17
Stack trace:
#0 C:\xampp\htdocs\Htschools\wordpress\wp-includes\template.php(730): require_once()
#1 C:\xampp\htdocs\Htschools\wordpress\wp-content\plugins\buddypress\bp-core\bp-core-catchuri.php(493): load_template('C:\\xampp\\htdocs...')
#2 C:\xampp\htdocs\Htschools\wordpress\wp-content\plugins\wplms_plugin\includes\vibe-course-module\includes\bp-course-screens.php(29): bp_core_load_template('course/index')
#3 C:\xampp\htdocs\Htschools\wordpress\wp-includes\class-wp-hook.php(287): bp_course_directory_setup('')
#4 C:\xampp\htdocs\Htschools\wordpress\wp-includes\class-wp-hook.php(311): WP_Hook->apply_filters(NULL, Array)
#5 C:\xampp\htdocs\Htschools\wordpress\wp-includes\plugin.php(484): WP_Hook->do_action(Array)
#6 C:\xampp\htdocs\Htschools\wordpress\wp-content\plugins\buddypress\bp-core\bp-core-dependency.php(373): do_action('bp_screens')
#7 C:\xampp\htdocs in C:\xampp\htdocs\Htschools\wordpress\wp-content\themes\ht-schools\course\index.php on line 17

2021-03-15T13:31:22+00:00 CRITICAL Uncaught Error: Call to undefined function vibe_include_template() in C:\xampp\htdocs\Htschools\wordpress\wp-content\themes\ht-schools\course\index.php:19
Stack trace:
#0 C:\xampp\htdocs\Htschools\wordpress\wp-includes\template.php(730): require_once()
#1 C:\xampp\htdocs\Htschools\wordpress\wp-content\plugins\buddypress\bp-core\bp-core-catchuri.php(493): load_template('C:\\xampp\\htdocs...')
#2 C:\xampp\htdocs\Htschools\wordpress\wp-content\plugins\wplms_plugin\includes\vibe-course-module\includes\bp-course-screens.php(29): bp_core_load_template('course/index')
#3 C:\xampp\htdocs\Htschools\wordpress\wp-includes\class-wp-hook.php(287): bp_course_directory_setup('')
#4 C:\xampp\htdocs\Htschools\wordpress\wp-includes\class-wp-hook.php(311): WP_Hook->apply_filters(NULL, Array)
#5 C:\xampp\htdocs\Htschools\wordpress\wp-includes\plugin.php(484): WP_Hook->do_action(Array)
#6 C:\xampp\htdocs\Htschools\wordpress\wp-content\plugins\buddypress\bp-core\bp-core-dependency.php(373): do_action('bp_screens')
#7 C:\xampp\htdo in C:\xampp\htdocs\Htschools\wordpress\wp-content\themes\ht-schools\course\index.php on line 19

2021-03-15T13:34:11+00:00 CRITICAL Uncaught Error: Call to undefined function vibe_include_template() in C:\xampp\htdocs\Htschools\wordpress\wp-content\themes\ht-schools\course\index.php:19
Stack trace:
#0 C:\xampp\htdocs\Htschools\wordpress\wp-includes\template.php(730): require_once()
#1 C:\xampp\htdocs\Htschools\wordpress\wp-content\plugins\buddypress\bp-core\bp-core-catchuri.php(493): load_template('C:\\xampp\\htdocs...')
#2 C:\xampp\htdocs\Htschools\wordpress\wp-content\plugins\wplms_plugin\includes\vibe-course-module\includes\bp-course-screens.php(29): bp_core_load_template('course/index')
#3 C:\xampp\htdocs\Htschools\wordpress\wp-includes\class-wp-hook.php(287): bp_course_directory_setup('')
#4 C:\xampp\htdocs\Htschools\wordpress\wp-includes\class-wp-hook.php(311): WP_Hook->apply_filters(NULL, Array)
#5 C:\xampp\htdocs\Htschools\wordpress\wp-includes\plugin.php(484): WP_Hook->do_action(Array)
#6 C:\xampp\htdocs\Htschools\wordpress\wp-content\plugins\buddypress\bp-core\bp-core-dependency.php(373): do_action('bp_screens')
#7 C:\xampp\htdo in C:\xampp\htdocs\Htschools\wordpress\wp-content\themes\ht-schools\course\index.php on line 19

2021-03-15T13:36:51+00:00 CRITICAL Uncaught Error: Call to undefined function vibe_include_template() in C:\xampp\htdocs\Htschools\wordpress\wp-content\themes\ht-schools\course\index.php:19
Stack trace:
#0 C:\xampp\htdocs\Htschools\wordpress\wp-includes\template.php(730): require_once()
#1 C:\xampp\htdocs\Htschools\wordpress\wp-content\plugins\buddypress\bp-core\bp-core-catchuri.php(493): load_template('C:\\xampp\\htdocs...')
#2 C:\xampp\htdocs\Htschools\wordpress\wp-content\plugins\wplms_plugin\includes\vibe-course-module\includes\bp-course-screens.php(29): bp_core_load_template('course/index')
#3 C:\xampp\htdocs\Htschools\wordpress\wp-includes\class-wp-hook.php(287): bp_course_directory_setup('')
#4 C:\xampp\htdocs\Htschools\wordpress\wp-includes\class-wp-hook.php(311): WP_Hook->apply_filters(NULL, Array)
#5 C:\xampp\htdocs\Htschools\wordpress\wp-includes\plugin.php(484): WP_Hook->do_action(Array)
#6 C:\xampp\htdocs\Htschools\wordpress\wp-content\plugins\buddypress\bp-core\bp-core-dependency.php(373): do_action('bp_screens')
#7 C:\xampp\htdo in C:\xampp\htdocs\Htschools\wordpress\wp-content\themes\ht-schools\course\index.php on line 19

2021-03-15T13:39:07+00:00 CRITICAL Uncaught Error: Class 'Elementor\Frontend' not found in C:\xampp\htdocs\Htschools\wordpress\wp-content\plugins\wplms_plugin\includes\class.actions.php:383
Stack trace:
#0 C:\xampp\htdocs\Htschools\wordpress\wp-includes\class-wp-hook.php(287): WPLMS_4_Actions->course_content('<a href="https:...')
#1 C:\xampp\htdocs\Htschools\wordpress\wp-includes\plugin.php(212): WP_Hook->apply_filters('<strong>Fusce i...', Array)
#2 C:\xampp\htdocs\Htschools\wordpress\wp-includes\post-template.php(253): apply_filters('the_content', '<strong>Fusce i...')
#3 C:\xampp\htdocs\Htschools\wordpress\wp-content\plugins\wplms_plugin\includes\vibe-course-module\includes\templates\course\index.php(15): the_content()
#4 C:\xampp\htdocs\Htschools\wordpress\wp-includes\template.php(730): require_once('C:\\xampp\\htdocs...')
#5 C:\xampp\htdocs\Htschools\wordpress\wp-content\plugins\buddypress\bp-core\bp-core-catchuri.php(493): load_template('C:\\xampp\\htdocs...')
#6 C:\xampp\htdocs\Htschools\wordpress\wp-content\plugins\wplms_plugin\include in C:\xampp\htdocs\Htschools\wordpress\wp-content\plugins\wplms_plugin\includes\class.actions.php on line 383

2021-03-15T13:43:03+00:00 CRITICAL Uncaught Error: Class 'Elementor\Frontend' not found in C:\xampp\htdocs\Htschools\wordpress\wp-content\plugins\wplms_plugin\includes\class.actions.php:383
Stack trace:
#0 C:\xampp\htdocs\Htschools\wordpress\wp-includes\class-wp-hook.php(287): WPLMS_4_Actions->course_content('<a href="https:...')
#1 C:\xampp\htdocs\Htschools\wordpress\wp-includes\plugin.php(212): WP_Hook->apply_filters('<strong>Fusce i...', Array)
#2 C:\xampp\htdocs\Htschools\wordpress\wp-includes\post-template.php(253): apply_filters('the_content', '<strong>Fusce i...')
#3 C:\xampp\htdocs\Htschools\wordpress\wp-content\plugins\wplms_plugin\includes\vibe-course-module\includes\templates\course\index.php(15): the_content()
#4 C:\xampp\htdocs\Htschools\wordpress\wp-includes\template.php(730): require_once('C:\\xampp\\htdocs...')
#5 C:\xampp\htdocs\Htschools\wordpress\wp-content\plugins\buddypress\bp-core\bp-core-catchuri.php(493): load_template('C:\\xampp\\htdocs...')
#6 C:\xampp\htdocs\Htschools\wordpress\wp-content\plugins\wplms_plugin\include in C:\xampp\htdocs\Htschools\wordpress\wp-content\plugins\wplms_plugin\includes\class.actions.php on line 383

2021-03-15T13:44:36+00:00 CRITICAL Uncaught Error: Call to undefined function vibe_include_template() in C:\xampp\htdocs\Htschools\wordpress\wp-content\themes\ht-schools\course\index.php:19
Stack trace:
#0 C:\xampp\htdocs\Htschools\wordpress\wp-includes\template.php(730): require_once()
#1 C:\xampp\htdocs\Htschools\wordpress\wp-content\plugins\buddypress\bp-core\bp-core-catchuri.php(493): load_template('C:\\xampp\\htdocs...')
#2 C:\xampp\htdocs\Htschools\wordpress\wp-content\plugins\wplms_plugin\includes\vibe-course-module\includes\bp-course-screens.php(29): bp_core_load_template('course/index')
#3 C:\xampp\htdocs\Htschools\wordpress\wp-includes\class-wp-hook.php(287): bp_course_directory_setup('')
#4 C:\xampp\htdocs\Htschools\wordpress\wp-includes\class-wp-hook.php(311): WP_Hook->apply_filters(NULL, Array)
#5 C:\xampp\htdocs\Htschools\wordpress\wp-includes\plugin.php(484): WP_Hook->do_action(Array)
#6 C:\xampp\htdocs\Htschools\wordpress\wp-content\plugins\buddypress\bp-core\bp-core-dependency.php(373): do_action('bp_screens')
#7 C:\xampp\htdo in C:\xampp\htdocs\Htschools\wordpress\wp-content\themes\ht-schools\course\index.php on line 19

2021-03-15T13:46:23+00:00 CRITICAL Uncaught Error: Call to undefined function vibe_include_template() in C:\xampp\htdocs\Htschools\wordpress\wp-content\themes\ht-schools\course\index.php:19
Stack trace:
#0 C:\xampp\htdocs\Htschools\wordpress\wp-includes\template.php(730): require_once()
#1 C:\xampp\htdocs\Htschools\wordpress\wp-content\plugins\buddypress\bp-core\bp-core-catchuri.php(493): load_template('C:\\xampp\\htdocs...')
#2 C:\xampp\htdocs\Htschools\wordpress\wp-content\plugins\wplms_plugin\includes\vibe-course-module\includes\bp-course-screens.php(29): bp_core_load_template('course/index')
#3 C:\xampp\htdocs\Htschools\wordpress\wp-includes\class-wp-hook.php(287): bp_course_directory_setup('')
#4 C:\xampp\htdocs\Htschools\wordpress\wp-includes\class-wp-hook.php(311): WP_Hook->apply_filters(NULL, Array)
#5 C:\xampp\htdocs\Htschools\wordpress\wp-includes\plugin.php(484): WP_Hook->do_action(Array)
#6 C:\xampp\htdocs\Htschools\wordpress\wp-content\plugins\buddypress\bp-core\bp-core-dependency.php(373): do_action('bp_screens')
#7 C:\xampp\htdo in C:\xampp\htdocs\Htschools\wordpress\wp-content\themes\ht-schools\course\index.php on line 19

2021-03-15T13:46:25+00:00 CRITICAL Uncaught Error: Call to undefined function vibe_include_template() in C:\xampp\htdocs\Htschools\wordpress\wp-content\themes\ht-schools\course\index.php:19
Stack trace:
#0 C:\xampp\htdocs\Htschools\wordpress\wp-includes\template.php(730): require_once()
#1 C:\xampp\htdocs\Htschools\wordpress\wp-content\plugins\buddypress\bp-core\bp-core-catchuri.php(493): load_template('C:\\xampp\\htdocs...')
#2 C:\xampp\htdocs\Htschools\wordpress\wp-content\plugins\wplms_plugin\includes\vibe-course-module\includes\bp-course-screens.php(29): bp_core_load_template('course/index')
#3 C:\xampp\htdocs\Htschools\wordpress\wp-includes\class-wp-hook.php(287): bp_course_directory_setup('')
#4 C:\xampp\htdocs\Htschools\wordpress\wp-includes\class-wp-hook.php(311): WP_Hook->apply_filters(NULL, Array)
#5 C:\xampp\htdocs\Htschools\wordpress\wp-includes\plugin.php(484): WP_Hook->do_action(Array)
#6 C:\xampp\htdocs\Htschools\wordpress\wp-content\plugins\buddypress\bp-core\bp-core-dependency.php(373): do_action('bp_screens')
#7 C:\xampp\htdo in C:\xampp\htdocs\Htschools\wordpress\wp-content\themes\ht-schools\course\index.php on line 19

2021-03-15T13:46:25+00:00 CRITICAL Uncaught Error: Call to undefined function vibe_include_template() in C:\xampp\htdocs\Htschools\wordpress\wp-content\themes\ht-schools\course\index.php:19
Stack trace:
#0 C:\xampp\htdocs\Htschools\wordpress\wp-includes\template.php(730): require_once()
#1 C:\xampp\htdocs\Htschools\wordpress\wp-content\plugins\buddypress\bp-core\bp-core-catchuri.php(493): load_template('C:\\xampp\\htdocs...')
#2 C:\xampp\htdocs\Htschools\wordpress\wp-content\plugins\wplms_plugin\includes\vibe-course-module\includes\bp-course-screens.php(29): bp_core_load_template('course/index')
#3 C:\xampp\htdocs\Htschools\wordpress\wp-includes\class-wp-hook.php(287): bp_course_directory_setup('')
#4 C:\xampp\htdocs\Htschools\wordpress\wp-includes\class-wp-hook.php(311): WP_Hook->apply_filters(NULL, Array)
#5 C:\xampp\htdocs\Htschools\wordpress\wp-includes\plugin.php(484): WP_Hook->do_action(Array)
#6 C:\xampp\htdocs\Htschools\wordpress\wp-content\plugins\buddypress\bp-core\bp-core-dependency.php(373): do_action('bp_screens')
#7 C:\xampp\htdo in C:\xampp\htdocs\Htschools\wordpress\wp-content\themes\ht-schools\course\index.php on line 19

2021-03-15T13:46:25+00:00 CRITICAL Uncaught Error: Call to undefined function vibe_include_template() in C:\xampp\htdocs\Htschools\wordpress\wp-content\themes\ht-schools\course\index.php:19
Stack trace:
#0 C:\xampp\htdocs\Htschools\wordpress\wp-includes\template.php(730): require_once()
#1 C:\xampp\htdocs\Htschools\wordpress\wp-content\plugins\buddypress\bp-core\bp-core-catchuri.php(493): load_template('C:\\xampp\\htdocs...')
#2 C:\xampp\htdocs\Htschools\wordpress\wp-content\plugins\wplms_plugin\includes\vibe-course-module\includes\bp-course-screens.php(29): bp_core_load_template('course/index')
#3 C:\xampp\htdocs\Htschools\wordpress\wp-includes\class-wp-hook.php(287): bp_course_directory_setup('')
#4 C:\xampp\htdocs\Htschools\wordpress\wp-includes\class-wp-hook.php(311): WP_Hook->apply_filters(NULL, Array)
#5 C:\xampp\htdocs\Htschools\wordpress\wp-includes\plugin.php(484): WP_Hook->do_action(Array)
#6 C:\xampp\htdocs\Htschools\wordpress\wp-content\plugins\buddypress\bp-core\bp-core-dependency.php(373): do_action('bp_screens')
#7 C:\xampp\htdo in C:\xampp\htdocs\Htschools\wordpress\wp-content\themes\ht-schools\course\index.php on line 19

2021-03-15T13:46:26+00:00 CRITICAL Uncaught Error: Call to undefined function vibe_include_template() in C:\xampp\htdocs\Htschools\wordpress\wp-content\themes\ht-schools\course\index.php:19
Stack trace:
#0 C:\xampp\htdocs\Htschools\wordpress\wp-includes\template.php(730): require_once()
#1 C:\xampp\htdocs\Htschools\wordpress\wp-content\plugins\buddypress\bp-core\bp-core-catchuri.php(493): load_template('C:\\xampp\\htdocs...')
#2 C:\xampp\htdocs\Htschools\wordpress\wp-content\plugins\wplms_plugin\includes\vibe-course-module\includes\bp-course-screens.php(29): bp_core_load_template('course/index')
#3 C:\xampp\htdocs\Htschools\wordpress\wp-includes\class-wp-hook.php(287): bp_course_directory_setup('')
#4 C:\xampp\htdocs\Htschools\wordpress\wp-includes\class-wp-hook.php(311): WP_Hook->apply_filters(NULL, Array)
#5 C:\xampp\htdocs\Htschools\wordpress\wp-includes\plugin.php(484): WP_Hook->do_action(Array)
#6 C:\xampp\htdocs\Htschools\wordpress\wp-content\plugins\buddypress\bp-core\bp-core-dependency.php(373): do_action('bp_screens')
#7 C:\xampp\htdo in C:\xampp\htdocs\Htschools\wordpress\wp-content\themes\ht-schools\course\index.php on line 19

2021-03-15T13:46:26+00:00 CRITICAL Uncaught Error: Call to undefined function vibe_include_template() in C:\xampp\htdocs\Htschools\wordpress\wp-content\themes\ht-schools\course\index.php:19
Stack trace:
#0 C:\xampp\htdocs\Htschools\wordpress\wp-includes\template.php(730): require_once()
#1 C:\xampp\htdocs\Htschools\wordpress\wp-content\plugins\buddypress\bp-core\bp-core-catchuri.php(493): load_template('C:\\xampp\\htdocs...')
#2 C:\xampp\htdocs\Htschools\wordpress\wp-content\plugins\wplms_plugin\includes\vibe-course-module\includes\bp-course-screens.php(29): bp_core_load_template('course/index')
#3 C:\xampp\htdocs\Htschools\wordpress\wp-includes\class-wp-hook.php(287): bp_course_directory_setup('')
#4 C:\xampp\htdocs\Htschools\wordpress\wp-includes\class-wp-hook.php(311): WP_Hook->apply_filters(NULL, Array)
#5 C:\xampp\htdocs\Htschools\wordpress\wp-includes\plugin.php(484): WP_Hook->do_action(Array)
#6 C:\xampp\htdocs\Htschools\wordpress\wp-content\plugins\buddypress\bp-core\bp-core-dependency.php(373): do_action('bp_screens')
#7 C:\xampp\htdo in C:\xampp\htdocs\Htschools\wordpress\wp-content\themes\ht-schools\course\index.php on line 19

2021-03-15T13:46:26+00:00 CRITICAL Uncaught Error: Call to undefined function vibe_include_template() in C:\xampp\htdocs\Htschools\wordpress\wp-content\themes\ht-schools\course\index.php:19
Stack trace:
#0 C:\xampp\htdocs\Htschools\wordpress\wp-includes\template.php(730): require_once()
#1 C:\xampp\htdocs\Htschools\wordpress\wp-content\plugins\buddypress\bp-core\bp-core-catchuri.php(493): load_template('C:\\xampp\\htdocs...')
#2 C:\xampp\htdocs\Htschools\wordpress\wp-content\plugins\wplms_plugin\includes\vibe-course-module\includes\bp-course-screens.php(29): bp_core_load_template('course/index')
#3 C:\xampp\htdocs\Htschools\wordpress\wp-includes\class-wp-hook.php(287): bp_course_directory_setup('')
#4 C:\xampp\htdocs\Htschools\wordpress\wp-includes\class-wp-hook.php(311): WP_Hook->apply_filters(NULL, Array)
#5 C:\xampp\htdocs\Htschools\wordpress\wp-includes\plugin.php(484): WP_Hook->do_action(Array)
#6 C:\xampp\htdocs\Htschools\wordpress\wp-content\plugins\buddypress\bp-core\bp-core-dependency.php(373): do_action('bp_screens')
#7 C:\xampp\htdo in C:\xampp\htdocs\Htschools\wordpress\wp-content\themes\ht-schools\course\index.php on line 19

2021-03-15T13:46:26+00:00 CRITICAL Uncaught Error: Call to undefined function vibe_include_template() in C:\xampp\htdocs\Htschools\wordpress\wp-content\themes\ht-schools\course\index.php:19
Stack trace:
#0 C:\xampp\htdocs\Htschools\wordpress\wp-includes\template.php(730): require_once()
#1 C:\xampp\htdocs\Htschools\wordpress\wp-content\plugins\buddypress\bp-core\bp-core-catchuri.php(493): load_template('C:\\xampp\\htdocs...')
#2 C:\xampp\htdocs\Htschools\wordpress\wp-content\plugins\wplms_plugin\includes\vibe-course-module\includes\bp-course-screens.php(29): bp_core_load_template('course/index')
#3 C:\xampp\htdocs\Htschools\wordpress\wp-includes\class-wp-hook.php(287): bp_course_directory_setup('')
#4 C:\xampp\htdocs\Htschools\wordpress\wp-includes\class-wp-hook.php(311): WP_Hook->apply_filters(NULL, Array)
#5 C:\xampp\htdocs\Htschools\wordpress\wp-includes\plugin.php(484): WP_Hook->do_action(Array)
#6 C:\xampp\htdocs\Htschools\wordpress\wp-content\plugins\buddypress\bp-core\bp-core-dependency.php(373): do_action('bp_screens')
#7 C:\xampp\htdo in C:\xampp\htdocs\Htschools\wordpress\wp-content\themes\ht-schools\course\index.php on line 19

2021-03-15T13:46:32+00:00 CRITICAL Uncaught Error: Call to undefined function vibe_include_template() in C:\xampp\htdocs\Htschools\wordpress\wp-content\themes\ht-schools\course\index.php:19
Stack trace:
#0 C:\xampp\htdocs\Htschools\wordpress\wp-includes\template.php(730): require_once()
#1 C:\xampp\htdocs\Htschools\wordpress\wp-content\plugins\buddypress\bp-core\bp-core-catchuri.php(493): load_template('C:\\xampp\\htdocs...')
#2 C:\xampp\htdocs\Htschools\wordpress\wp-content\plugins\wplms_plugin\includes\vibe-course-module\includes\bp-course-screens.php(29): bp_core_load_template('course/index')
#3 C:\xampp\htdocs\Htschools\wordpress\wp-includes\class-wp-hook.php(287): bp_course_directory_setup('')
#4 C:\xampp\htdocs\Htschools\wordpress\wp-includes\class-wp-hook.php(311): WP_Hook->apply_filters(NULL, Array)
#5 C:\xampp\htdocs\Htschools\wordpress\wp-includes\plugin.php(484): WP_Hook->do_action(Array)
#6 C:\xampp\htdocs\Htschools\wordpress\wp-content\plugins\buddypress\bp-core\bp-core-dependency.php(373): do_action('bp_screens')
#7 C:\xampp\htdo in C:\xampp\htdocs\Htschools\wordpress\wp-content\themes\ht-schools\course\index.php on line 19

2021-03-15T13:56:02+00:00 CRITICAL Uncaught Error: Call to undefined function vibe_include_template() in C:\xampp\htdocs\Htschools\wordpress\wp-content\themes\ht-schools\course\index.php:19
Stack trace:
#0 C:\xampp\htdocs\Htschools\wordpress\wp-includes\template.php(730): require_once()
#1 C:\xampp\htdocs\Htschools\wordpress\wp-content\plugins\buddypress\bp-core\bp-core-catchuri.php(493): load_template('C:\\xampp\\htdocs...')
#2 C:\xampp\htdocs\Htschools\wordpress\wp-content\plugins\wplms_plugin\includes\vibe-course-module\includes\bp-course-screens.php(29): bp_core_load_template('course/index')
#3 C:\xampp\htdocs\Htschools\wordpress\wp-includes\class-wp-hook.php(287): bp_course_directory_setup('')
#4 C:\xampp\htdocs\Htschools\wordpress\wp-includes\class-wp-hook.php(311): WP_Hook->apply_filters(NULL, Array)
#5 C:\xampp\htdocs\Htschools\wordpress\wp-includes\plugin.php(484): WP_Hook->do_action(Array)
#6 C:\xampp\htdocs\Htschools\wordpress\wp-content\plugins\buddypress\bp-core\bp-core-dependency.php(373): do_action('bp_screens')
#7 C:\xampp\htdo in C:\xampp\htdocs\Htschools\wordpress\wp-content\themes\ht-schools\course\index.php on line 19

2021-03-15T14:01:12+00:00 CRITICAL Uncaught Error: Call to undefined function vibe_get_customizer() in C:\xampp\htdocs\Htschools\wordpress\wp-content\themes\ht-schools\course\index.php:17
Stack trace:
#0 C:\xampp\htdocs\Htschools\wordpress\wp-includes\template.php(730): require_once()
#1 C:\xampp\htdocs\Htschools\wordpress\wp-content\plugins\buddypress\bp-core\bp-core-catchuri.php(493): load_template('C:\\xampp\\htdocs...')
#2 C:\xampp\htdocs\Htschools\wordpress\wp-content\plugins\wplms_plugin\includes\vibe-course-module\includes\bp-course-screens.php(29): bp_core_load_template('course/index')
#3 C:\xampp\htdocs\Htschools\wordpress\wp-includes\class-wp-hook.php(287): bp_course_directory_setup('')
#4 C:\xampp\htdocs\Htschools\wordpress\wp-includes\class-wp-hook.php(311): WP_Hook->apply_filters(NULL, Array)
#5 C:\xampp\htdocs\Htschools\wordpress\wp-includes\plugin.php(484): WP_Hook->do_action(Array)
#6 C:\xampp\htdocs\Htschools\wordpress\wp-content\plugins\buddypress\bp-core\bp-core-dependency.php(373): do_action('bp_screens')
#7 C:\xampp\htdocs in C:\xampp\htdocs\Htschools\wordpress\wp-content\themes\ht-schools\course\index.php on line 17

2021-03-15T14:06:18+00:00 CRITICAL Uncaught Error: Call to undefined function vibe_get_customizer() in C:\xampp\htdocs\Htschools\wordpress\wp-content\themes\ht-schools\course\index.php:17
Stack trace:
#0 C:\xampp\htdocs\Htschools\wordpress\wp-includes\template.php(730): require_once()
#1 C:\xampp\htdocs\Htschools\wordpress\wp-content\plugins\buddypress\bp-core\bp-core-catchuri.php(493): load_template('C:\\xampp\\htdocs...')
#2 C:\xampp\htdocs\Htschools\wordpress\wp-content\plugins\wplms_plugin\includes\vibe-course-module\includes\bp-course-screens.php(29): bp_core_load_template('course/index')
#3 C:\xampp\htdocs\Htschools\wordpress\wp-includes\class-wp-hook.php(287): bp_course_directory_setup('')
#4 C:\xampp\htdocs\Htschools\wordpress\wp-includes\class-wp-hook.php(311): WP_Hook->apply_filters(NULL, Array)
#5 C:\xampp\htdocs\Htschools\wordpress\wp-includes\plugin.php(484): WP_Hook->do_action(Array)
#6 C:\xampp\htdocs\Htschools\wordpress\wp-content\plugins\buddypress\bp-core\bp-core-dependency.php(373): do_action('bp_screens')
#7 C:\xampp\htdocs in C:\xampp\htdocs\Htschools\wordpress\wp-content\themes\ht-schools\course\index.php on line 17

2021-03-15T14:20:14+00:00 CRITICAL Uncaught Error: Call to undefined function vibe_get_customizer() in C:\xampp\htdocs\Htschools\wordpress\wp-content\themes\ht-schools\course\index.php:17
Stack trace:
#0 C:\xampp\htdocs\Htschools\wordpress\wp-includes\template.php(730): require_once()
#1 C:\xampp\htdocs\Htschools\wordpress\wp-content\plugins\buddypress\bp-core\bp-core-catchuri.php(493): load_template('C:\\xampp\\htdocs...')
#2 C:\xampp\htdocs\Htschools\wordpress\wp-content\plugins\wplms_plugin\includes\vibe-course-module\includes\bp-course-screens.php(29): bp_core_load_template('course/index')
#3 C:\xampp\htdocs\Htschools\wordpress\wp-includes\class-wp-hook.php(287): bp_course_directory_setup('')
#4 C:\xampp\htdocs\Htschools\wordpress\wp-includes\class-wp-hook.php(311): WP_Hook->apply_filters(NULL, Array)
#5 C:\xampp\htdocs\Htschools\wordpress\wp-includes\plugin.php(484): WP_Hook->do_action(Array)
#6 C:\xampp\htdocs\Htschools\wordpress\wp-content\plugins\buddypress\bp-core\bp-core-dependency.php(373): do_action('bp_screens')
#7 C:\xampp\htdocs in C:\xampp\htdocs\Htschools\wordpress\wp-content\themes\ht-schools\course\index.php on line 17

2021-03-15T14:24:12+00:00 CRITICAL Uncaught Error: Call to undefined function vibe_get_customizer() in C:\xampp\htdocs\Htschools\wordpress\wp-content\themes\ht-schools\course\index.php:17
Stack trace:
#0 C:\xampp\htdocs\Htschools\wordpress\wp-includes\template.php(730): require_once()
#1 C:\xampp\htdocs\Htschools\wordpress\wp-content\plugins\buddypress\bp-core\bp-core-catchuri.php(493): load_template('C:\\xampp\\htdocs...')
#2 C:\xampp\htdocs\Htschools\wordpress\wp-content\plugins\wplms_plugin\includes\vibe-course-module\includes\bp-course-screens.php(29): bp_core_load_template('course/index')
#3 C:\xampp\htdocs\Htschools\wordpress\wp-includes\class-wp-hook.php(287): bp_course_directory_setup('')
#4 C:\xampp\htdocs\Htschools\wordpress\wp-includes\class-wp-hook.php(311): WP_Hook->apply_filters(NULL, Array)
#5 C:\xampp\htdocs\Htschools\wordpress\wp-includes\plugin.php(484): WP_Hook->do_action(Array)
#6 C:\xampp\htdocs\Htschools\wordpress\wp-content\plugins\buddypress\bp-core\bp-core-dependency.php(373): do_action('bp_screens')
#7 C:\xampp\htdocs in C:\xampp\htdocs\Htschools\wordpress\wp-content\themes\ht-schools\course\index.php on line 17

2021-03-15T14:30:02+00:00 CRITICAL Uncaught Error: Call to undefined function vibe_get_customizer() in C:\xampp\htdocs\Htschools\wordpress\wp-content\themes\ht-schools\course\index.php:17
Stack trace:
#0 C:\xampp\htdocs\Htschools\wordpress\wp-includes\template.php(730): require_once()
#1 C:\xampp\htdocs\Htschools\wordpress\wp-content\plugins\buddypress\bp-core\bp-core-catchuri.php(493): load_template('C:\\xampp\\htdocs...')
#2 C:\xampp\htdocs\Htschools\wordpress\wp-content\plugins\wplms_plugin\includes\vibe-course-module\includes\bp-course-screens.php(29): bp_core_load_template('course/index')
#3 C:\xampp\htdocs\Htschools\wordpress\wp-includes\class-wp-hook.php(287): bp_course_directory_setup('')
#4 C:\xampp\htdocs\Htschools\wordpress\wp-includes\class-wp-hook.php(311): WP_Hook->apply_filters(NULL, Array)
#5 C:\xampp\htdocs\Htschools\wordpress\wp-includes\plugin.php(484): WP_Hook->do_action(Array)
#6 C:\xampp\htdocs\Htschools\wordpress\wp-content\plugins\buddypress\bp-core\bp-core-dependency.php(373): do_action('bp_screens')
#7 C:\xampp\htdocs in C:\xampp\htdocs\Htschools\wordpress\wp-content\themes\ht-schools\course\index.php on line 17

2021-03-15T14:44:21+00:00 CRITICAL syntax error, unexpected '/', expecting variable (T_VARIABLE) in C:\xampp\htdocs\Htschools\wordpress\wp-content\themes\ht-schools\course\index.php on line 19

2021-03-15T14:47:19+00:00 CRITICAL Uncaught Error: Class 'WPLMS_Init' not found in C:\xampp\htdocs\Htschools\wordpress\wp-content\themes\ht-schools\course\index.php:20
Stack trace:
#0 C:\xampp\htdocs\Htschools\wordpress\wp-content\themes\ht-schools\course\index.php(17): vibe_get_customizer('directory_layou...')
#1 C:\xampp\htdocs\Htschools\wordpress\wp-includes\template.php(730): require_once('C:\\xampp\\htdocs...')
#2 C:\xampp\htdocs\Htschools\wordpress\wp-content\plugins\buddypress\bp-core\bp-core-catchuri.php(493): load_template('C:\\xampp\\htdocs...')
#3 C:\xampp\htdocs\Htschools\wordpress\wp-content\plugins\wplms_plugin\includes\vibe-course-module\includes\bp-course-screens.php(29): bp_core_load_template('course/index')
#4 C:\xampp\htdocs\Htschools\wordpress\wp-includes\class-wp-hook.php(287): bp_course_directory_setup('')
#5 C:\xampp\htdocs\Htschools\wordpress\wp-includes\class-wp-hook.php(311): WP_Hook->apply_filters(NULL, Array)
#6 C:\xampp\htdocs\Htschools\wordpress\wp-includes\plugin.php(484): WP_Hook->do_action(Array)
#7 C:\xampp\ht in C:\xampp\htdocs\Htschools\wordpress\wp-content\themes\ht-schools\course\index.php on line 20

2021-03-15T14:54:59+00:00 CRITICAL Uncaught Error: Call to undefined function vibe_get_customizer() in C:\xampp\htdocs\Htschools\wordpress\wp-content\themes\ht-schools\course\index.php:17
Stack trace:
#0 C:\xampp\htdocs\Htschools\wordpress\wp-includes\template.php(730): require_once()
#1 C:\xampp\htdocs\Htschools\wordpress\wp-content\plugins\buddypress\bp-core\bp-core-catchuri.php(493): load_template('C:\\xampp\\htdocs...')
#2 C:\xampp\htdocs\Htschools\wordpress\wp-content\plugins\wplms_plugin\includes\vibe-course-module\includes\bp-course-screens.php(29): bp_core_load_template('course/index')
#3 C:\xampp\htdocs\Htschools\wordpress\wp-includes\class-wp-hook.php(287): bp_course_directory_setup('')
#4 C:\xampp\htdocs\Htschools\wordpress\wp-includes\class-wp-hook.php(311): WP_Hook->apply_filters(NULL, Array)
#5 C:\xampp\htdocs\Htschools\wordpress\wp-includes\plugin.php(484): WP_Hook->do_action(Array)
#6 C:\xampp\htdocs\Htschools\wordpress\wp-content\plugins\buddypress\bp-core\bp-core-dependency.php(373): do_action('bp_screens')
#7 C:\xampp\htdocs in C:\xampp\htdocs\Htschools\wordpress\wp-content\themes\ht-schools\course\index.php on line 17

2021-03-15T14:55:14+00:00 CRITICAL Uncaught Error: Call to undefined function vibe_get_customizer() in C:\xampp\htdocs\Htschools\wordpress\wp-content\themes\ht-schools\course\index.php:17
Stack trace:
#0 C:\xampp\htdocs\Htschools\wordpress\wp-includes\template.php(730): require_once()
#1 C:\xampp\htdocs\Htschools\wordpress\wp-content\plugins\buddypress\bp-core\bp-core-catchuri.php(493): load_template('C:\\xampp\\htdocs...')
#2 C:\xampp\htdocs\Htschools\wordpress\wp-content\plugins\wplms_plugin\includes\vibe-course-module\includes\bp-course-screens.php(29): bp_core_load_template('course/index')
#3 C:\xampp\htdocs\Htschools\wordpress\wp-includes\class-wp-hook.php(287): bp_course_directory_setup('')
#4 C:\xampp\htdocs\Htschools\wordpress\wp-includes\class-wp-hook.php(311): WP_Hook->apply_filters(NULL, Array)
#5 C:\xampp\htdocs\Htschools\wordpress\wp-includes\plugin.php(484): WP_Hook->do_action(Array)
#6 C:\xampp\htdocs\Htschools\wordpress\wp-content\plugins\buddypress\bp-core\bp-core-dependency.php(373): do_action('bp_screens')
#7 C:\xampp\htdocs in C:\xampp\htdocs\Htschools\wordpress\wp-content\themes\ht-schools\course\index.php on line 17

2021-03-15T15:13:56+00:00 CRITICAL Uncaught Error: Call to undefined function vibe_get_customizer() in C:\xampp\htdocs\Htschools\wordpress\wp-content\themes\ht-schools\course\index.php:17
Stack trace:
#0 C:\xampp\htdocs\Htschools\wordpress\wp-includes\template.php(730): require_once()
#1 C:\xampp\htdocs\Htschools\wordpress\wp-content\plugins\buddypress\bp-core\bp-core-catchuri.php(493): load_template('C:\\xampp\\htdocs...')
#2 C:\xampp\htdocs\Htschools\wordpress\wp-content\plugins\wplms_plugin\includes\vibe-course-module\includes\bp-course-screens.php(29): bp_core_load_template('course/index')
#3 C:\xampp\htdocs\Htschools\wordpress\wp-includes\class-wp-hook.php(287): bp_course_directory_setup('')
#4 C:\xampp\htdocs\Htschools\wordpress\wp-includes\class-wp-hook.php(311): WP_Hook->apply_filters(NULL, Array)
#5 C:\xampp\htdocs\Htschools\wordpress\wp-includes\plugin.php(484): WP_Hook->do_action(Array)
#6 C:\xampp\htdocs\Htschools\wordpress\wp-content\plugins\buddypress\bp-core\bp-core-dependency.php(373): do_action('bp_screens')
#7 C:\xampp\htdocs in C:\xampp\htdocs\Htschools\wordpress\wp-content\themes\ht-schools\course\index.php on line 17

2021-03-15T15:14:08+00:00 CRITICAL Uncaught Error: Call to undefined function vibe_get_customizer() in C:\xampp\htdocs\Htschools\wordpress\wp-content\themes\ht-schools\course\index.php:17
Stack trace:
#0 C:\xampp\htdocs\Htschools\wordpress\wp-includes\template.php(730): require_once()
#1 C:\xampp\htdocs\Htschools\wordpress\wp-content\plugins\buddypress\bp-core\bp-core-catchuri.php(493): load_template('C:\\xampp\\htdocs...')
#2 C:\xampp\htdocs\Htschools\wordpress\wp-content\plugins\wplms_plugin\includes\vibe-course-module\includes\bp-course-screens.php(29): bp_core_load_template('course/index')
#3 C:\xampp\htdocs\Htschools\wordpress\wp-includes\class-wp-hook.php(287): bp_course_directory_setup('')
#4 C:\xampp\htdocs\Htschools\wordpress\wp-includes\class-wp-hook.php(311): WP_Hook->apply_filters(NULL, Array)
#5 C:\xampp\htdocs\Htschools\wordpress\wp-includes\plugin.php(484): WP_Hook->do_action(Array)
#6 C:\xampp\htdocs\Htschools\wordpress\wp-content\plugins\buddypress\bp-core\bp-core-dependency.php(373): do_action('bp_screens')
#7 C:\xampp\htdocs in C:\xampp\htdocs\Htschools\wordpress\wp-content\themes\ht-schools\course\index.php on line 17

2021-03-15T15:15:06+00:00 CRITICAL Uncaught Error: Call to undefined function vibe_get_customizer() in C:\xampp\htdocs\Htschools\wordpress\wp-content\themes\ht-schools\course\index.php:17
Stack trace:
#0 C:\xampp\htdocs\Htschools\wordpress\wp-includes\template.php(730): require_once()
#1 C:\xampp\htdocs\Htschools\wordpress\wp-content\plugins\buddypress\bp-core\bp-core-catchuri.php(493): load_template('C:\\xampp\\htdocs...')
#2 C:\xampp\htdocs\Htschools\wordpress\wp-content\plugins\wplms_plugin\includes\vibe-course-module\includes\bp-course-screens.php(29): bp_core_load_template('course/index')
#3 C:\xampp\htdocs\Htschools\wordpress\wp-includes\class-wp-hook.php(287): bp_course_directory_setup('')
#4 C:\xampp\htdocs\Htschools\wordpress\wp-includes\class-wp-hook.php(311): WP_Hook->apply_filters(NULL, Array)
#5 C:\xampp\htdocs\Htschools\wordpress\wp-includes\plugin.php(484): WP_Hook->do_action(Array)
#6 C:\xampp\htdocs\Htschools\wordpress\wp-content\plugins\buddypress\bp-core\bp-core-dependency.php(373): do_action('bp_screens')
#7 C:\xampp\htdocs in C:\xampp\htdocs\Htschools\wordpress\wp-content\themes\ht-schools\course\index.php on line 17

2021-03-15T15:16:04+00:00 CRITICAL Uncaught Error: Call to undefined function vibe_get_customizer() in C:\xampp\htdocs\Htschools\wordpress\wp-content\themes\ht-schools\course\index.php:17
Stack trace:
#0 C:\xampp\htdocs\Htschools\wordpress\wp-includes\template.php(730): require_once()
#1 C:\xampp\htdocs\Htschools\wordpress\wp-content\plugins\buddypress\bp-core\bp-core-catchuri.php(493): load_template('C:\\xampp\\htdocs...')
#2 C:\xampp\htdocs\Htschools\wordpress\wp-content\plugins\wplms_plugin\includes\vibe-course-module\includes\bp-course-screens.php(29): bp_core_load_template('course/index')
#3 C:\xampp\htdocs\Htschools\wordpress\wp-includes\class-wp-hook.php(287): bp_course_directory_setup('')
#4 C:\xampp\htdocs\Htschools\wordpress\wp-includes\class-wp-hook.php(311): WP_Hook->apply_filters(NULL, Array)
#5 C:\xampp\htdocs\Htschools\wordpress\wp-includes\plugin.php(484): WP_Hook->do_action(Array)
#6 C:\xampp\htdocs\Htschools\wordpress\wp-content\plugins\buddypress\bp-core\bp-core-dependency.php(373): do_action('bp_screens')
#7 C:\xampp\htdocs in C:\xampp\htdocs\Htschools\wordpress\wp-content\themes\ht-schools\course\index.php on line 17

2021-03-15T15:23:04+00:00 CRITICAL Uncaught Error: Call to undefined function vibe_get_customizer() in C:\xampp\htdocs\Htschools\wordpress\wp-content\themes\ht-schools\course\index.php:17
Stack trace:
#0 C:\xampp\htdocs\Htschools\wordpress\wp-includes\template.php(730): require_once()
#1 C:\xampp\htdocs\Htschools\wordpress\wp-content\plugins\buddypress\bp-core\bp-core-catchuri.php(493): load_template('C:\\xampp\\htdocs...')
#2 C:\xampp\htdocs\Htschools\wordpress\wp-content\plugins\wplms_plugin\includes\vibe-course-module\includes\bp-course-screens.php(29): bp_core_load_template('course/index')
#3 C:\xampp\htdocs\Htschools\wordpress\wp-includes\class-wp-hook.php(287): bp_course_directory_setup('')
#4 C:\xampp\htdocs\Htschools\wordpress\wp-includes\class-wp-hook.php(311): WP_Hook->apply_filters(NULL, Array)
#5 C:\xampp\htdocs\Htschools\wordpress\wp-includes\plugin.php(484): WP_Hook->do_action(Array)
#6 C:\xampp\htdocs\Htschools\wordpress\wp-content\plugins\buddypress\bp-core\bp-core-dependency.php(373): do_action('bp_screens')
#7 C:\xampp\htdocs in C:\xampp\htdocs\Htschools\wordpress\wp-content\themes\ht-schools\course\index.php on line 17

2021-03-15T15:44:35+00:00 CRITICAL Uncaught Error: Call to undefined function vibe_get_customizer() in C:\xampp\htdocs\Htschools\wordpress\wp-content\themes\ht-schools\course\index.php:17
Stack trace:
#0 C:\xampp\htdocs\Htschools\wordpress\wp-includes\template.php(730): require_once()
#1 C:\xampp\htdocs\Htschools\wordpress\wp-content\plugins\buddypress\bp-core\bp-core-catchuri.php(493): load_template('C:\\xampp\\htdocs...')
#2 C:\xampp\htdocs\Htschools\wordpress\wp-content\plugins\wplms_plugin\includes\vibe-course-module\includes\bp-course-screens.php(29): bp_core_load_template('course/index')
#3 C:\xampp\htdocs\Htschools\wordpress\wp-includes\class-wp-hook.php(287): bp_course_directory_setup('')
#4 C:\xampp\htdocs\Htschools\wordpress\wp-includes\class-wp-hook.php(311): WP_Hook->apply_filters(NULL, Array)
#5 C:\xampp\htdocs\Htschools\wordpress\wp-includes\plugin.php(484): WP_Hook->do_action(Array)
#6 C:\xampp\htdocs\Htschools\wordpress\wp-content\plugins\buddypress\bp-core\bp-core-dependency.php(373): do_action('bp_screens')
#7 C:\xampp\htdocs in C:\xampp\htdocs\Htschools\wordpress\wp-content\themes\ht-schools\course\index.php on line 17

2021-03-15T15:51:13+00:00 CRITICAL Uncaught Error: Call to undefined function vibe_get_customizer() in C:\xampp\htdocs\Htschools\wordpress\wp-content\themes\ht-schools\course\index.php:17
Stack trace:
#0 C:\xampp\htdocs\Htschools\wordpress\wp-includes\template.php(730): require_once()
#1 C:\xampp\htdocs\Htschools\wordpress\wp-content\plugins\buddypress\bp-core\bp-core-catchuri.php(493): load_template('C:\\xampp\\htdocs...')
#2 C:\xampp\htdocs\Htschools\wordpress\wp-content\plugins\wplms_plugin\includes\vibe-course-module\includes\bp-course-screens.php(29): bp_core_load_template('course/index')
#3 C:\xampp\htdocs\Htschools\wordpress\wp-includes\class-wp-hook.php(287): bp_course_directory_setup('')
#4 C:\xampp\htdocs\Htschools\wordpress\wp-includes\class-wp-hook.php(311): WP_Hook->apply_filters(NULL, Array)
#5 C:\xampp\htdocs\Htschools\wordpress\wp-includes\plugin.php(484): WP_Hook->do_action(Array)
#6 C:\xampp\htdocs\Htschools\wordpress\wp-content\plugins\buddypress\bp-core\bp-core-dependency.php(373): do_action('bp_screens')
#7 C:\xampp\htdocs in C:\xampp\htdocs\Htschools\wordpress\wp-content\themes\ht-schools\course\index.php on line 17

2021-03-15T15:57:35+00:00 CRITICAL Uncaught Error: Call to undefined function vibe_get_customizer() in C:\xampp\htdocs\Htschools\wordpress\wp-content\themes\ht-schools\course\index.php:17
Stack trace:
#0 C:\xampp\htdocs\Htschools\wordpress\wp-includes\template.php(730): require_once()
#1 C:\xampp\htdocs\Htschools\wordpress\wp-content\plugins\buddypress\bp-core\bp-core-catchuri.php(493): load_template('C:\\xampp\\htdocs...')
#2 C:\xampp\htdocs\Htschools\wordpress\wp-content\plugins\wplms_plugin\includes\vibe-course-module\includes\bp-course-screens.php(29): bp_core_load_template('course/index')
#3 C:\xampp\htdocs\Htschools\wordpress\wp-includes\class-wp-hook.php(287): bp_course_directory_setup('')
#4 C:\xampp\htdocs\Htschools\wordpress\wp-includes\class-wp-hook.php(311): WP_Hook->apply_filters(NULL, Array)
#5 C:\xampp\htdocs\Htschools\wordpress\wp-includes\plugin.php(484): WP_Hook->do_action(Array)
#6 C:\xampp\htdocs\Htschools\wordpress\wp-content\plugins\buddypress\bp-core\bp-core-dependency.php(373): do_action('bp_screens')
#7 C:\xampp\htdocs in C:\xampp\htdocs\Htschools\wordpress\wp-content\themes\ht-schools\course\index.php on line 17

2021-03-15T15:57:53+00:00 CRITICAL Uncaught Error: Class 'Elementor\Frontend' not found in C:\xampp\htdocs\Htschools\wordpress\wp-content\plugins\wplms_plugin\includes\class.actions.php:383
Stack trace:
#0 C:\xampp\htdocs\Htschools\wordpress\wp-includes\class-wp-hook.php(287): WPLMS_4_Actions->course_content('<a href="https:...')
#1 C:\xampp\htdocs\Htschools\wordpress\wp-includes\plugin.php(212): WP_Hook->apply_filters('Lorem ipsum dol...', Array)
#2 C:\xampp\htdocs\Htschools\wordpress\wp-includes\post-template.php(253): apply_filters('the_content', 'Lorem ipsum dol...')
#3 C:\xampp\htdocs\Htschools\wordpress\wp-content\plugins\wplms_plugin\includes\vibe-course-module\includes\templates\course\index.php(15): the_content()
#4 C:\xampp\htdocs\Htschools\wordpress\wp-includes\template.php(730): require_once('C:\\xampp\\htdocs...')
#5 C:\xampp\htdocs\Htschools\wordpress\wp-content\plugins\buddypress\bp-core\bp-core-catchuri.php(493): load_template('C:\\xampp\\htdocs...')
#6 C:\xampp\htdocs\Htschools\wordpress\wp-content\plugins\wplms_plugin\include in C:\xampp\htdocs\Htschools\wordpress\wp-content\plugins\wplms_plugin\includes\class.actions.php on line 383

2021-03-15T16:02:42+00:00 CRITICAL Uncaught Error: Call to undefined function vibe_get_customizer() in C:\xampp\htdocs\Htschools\wordpress\wp-content\themes\ht-schools\course\index.php:17
Stack trace:
#0 C:\xampp\htdocs\Htschools\wordpress\wp-includes\template.php(730): require_once()
#1 C:\xampp\htdocs\Htschools\wordpress\wp-content\plugins\buddypress\bp-core\bp-core-catchuri.php(493): load_template('C:\\xampp\\htdocs...')
#2 C:\xampp\htdocs\Htschools\wordpress\wp-content\plugins\wplms_plugin\includes\vibe-course-module\includes\bp-course-screens.php(29): bp_core_load_template('course/index')
#3 C:\xampp\htdocs\Htschools\wordpress\wp-includes\class-wp-hook.php(287): bp_course_directory_setup('')
#4 C:\xampp\htdocs\Htschools\wordpress\wp-includes\class-wp-hook.php(311): WP_Hook->apply_filters(NULL, Array)
#5 C:\xampp\htdocs\Htschools\wordpress\wp-includes\plugin.php(484): WP_Hook->do_action(Array)
#6 C:\xampp\htdocs\Htschools\wordpress\wp-content\plugins\buddypress\bp-core\bp-core-dependency.php(373): do_action('bp_screens')
#7 C:\xampp\htdocs in C:\xampp\htdocs\Htschools\wordpress\wp-content\themes\ht-schools\course\index.php on line 17

2021-03-15T16:12:39+00:00 CRITICAL Uncaught Error: Call to undefined function vibe_get_customizer() in C:\xampp\htdocs\Htschools\wordpress\wp-content\themes\ht-schools\course\index.php:17
Stack trace:
#0 C:\xampp\htdocs\Htschools\wordpress\wp-includes\template.php(730): require_once()
#1 C:\xampp\htdocs\Htschools\wordpress\wp-content\plugins\buddypress\bp-core\bp-core-catchuri.php(493): load_template('C:\\xampp\\htdocs...')
#2 C:\xampp\htdocs\Htschools\wordpress\wp-content\plugins\wplms_plugin\includes\vibe-course-module\includes\bp-course-screens.php(29): bp_core_load_template('course/index')
#3 C:\xampp\htdocs\Htschools\wordpress\wp-includes\class-wp-hook.php(287): bp_course_directory_setup('')
#4 C:\xampp\htdocs\Htschools\wordpress\wp-includes\class-wp-hook.php(311): WP_Hook->apply_filters(NULL, Array)
#5 C:\xampp\htdocs\Htschools\wordpress\wp-includes\plugin.php(484): WP_Hook->do_action(Array)
#6 C:\xampp\htdocs\Htschools\wordpress\wp-content\plugins\buddypress\bp-core\bp-core-dependency.php(373): do_action('bp_screens')
#7 C:\xampp\htdocs in C:\xampp\htdocs\Htschools\wordpress\wp-content\themes\ht-schools\course\index.php on line 17

2021-03-15T16:12:49+00:00 CRITICAL Uncaught Error: Call to undefined function vibe_get_customizer() in C:\xampp\htdocs\Htschools\wordpress\wp-content\themes\ht-schools\course\index.php:17
Stack trace:
#0 C:\xampp\htdocs\Htschools\wordpress\wp-includes\template.php(730): require_once()
#1 C:\xampp\htdocs\Htschools\wordpress\wp-content\plugins\buddypress\bp-core\bp-core-catchuri.php(493): load_template('C:\\xampp\\htdocs...')
#2 C:\xampp\htdocs\Htschools\wordpress\wp-content\plugins\wplms_plugin\includes\vibe-course-module\includes\bp-course-screens.php(29): bp_core_load_template('course/index')
#3 C:\xampp\htdocs\Htschools\wordpress\wp-includes\class-wp-hook.php(287): bp_course_directory_setup('')
#4 C:\xampp\htdocs\Htschools\wordpress\wp-includes\class-wp-hook.php(311): WP_Hook->apply_filters(NULL, Array)
#5 C:\xampp\htdocs\Htschools\wordpress\wp-includes\plugin.php(484): WP_Hook->do_action(Array)
#6 C:\xampp\htdocs\Htschools\wordpress\wp-content\plugins\buddypress\bp-core\bp-core-dependency.php(373): do_action('bp_screens')
#7 C:\xampp\htdocs in C:\xampp\htdocs\Htschools\wordpress\wp-content\themes\ht-schools\course\index.php on line 17

2021-03-15T16:55:28+00:00 CRITICAL Uncaught Error: Call to undefined function vibe_get_customizer() in C:\xampp\htdocs\Htschools\wordpress\wp-content\themes\ht-schools\course\index.php:17
Stack trace:
#0 C:\xampp\htdocs\Htschools\wordpress\wp-includes\template.php(730): require_once()
#1 C:\xampp\htdocs\Htschools\wordpress\wp-content\plugins\buddypress\bp-core\bp-core-catchuri.php(493): load_template('C:\\xampp\\htdocs...')
#2 C:\xampp\htdocs\Htschools\wordpress\wp-content\plugins\wplms_plugin\includes\vibe-course-module\includes\bp-course-screens.php(29): bp_core_load_template('course/index')
#3 C:\xampp\htdocs\Htschools\wordpress\wp-includes\class-wp-hook.php(287): bp_course_directory_setup('')
#4 C:\xampp\htdocs\Htschools\wordpress\wp-includes\class-wp-hook.php(311): WP_Hook->apply_filters(NULL, Array)
#5 C:\xampp\htdocs\Htschools\wordpress\wp-includes\plugin.php(484): WP_Hook->do_action(Array)
#6 C:\xampp\htdocs\Htschools\wordpress\wp-content\plugins\buddypress\bp-core\bp-core-dependency.php(373): do_action('bp_screens')
#7 C:\xampp\htdocs in C:\xampp\htdocs\Htschools\wordpress\wp-content\themes\ht-schools\course\index.php on line 17

2021-03-15T17:56:00+00:00 CRITICAL Uncaught Error: Call to undefined function vibe_get_customizer() in C:\xampp\htdocs\Htschools\wordpress\wp-content\themes\ht-schools\course\index.php:17
Stack trace:
#0 C:\xampp\htdocs\Htschools\wordpress\wp-includes\template.php(730): require_once()
#1 C:\xampp\htdocs\Htschools\wordpress\wp-content\plugins\buddypress\bp-core\bp-core-catchuri.php(493): load_template('C:\\xampp\\htdocs...')
#2 C:\xampp\htdocs\Htschools\wordpress\wp-content\plugins\wplms_plugin\includes\vibe-course-module\includes\bp-course-screens.php(29): bp_core_load_template('course/index')
#3 C:\xampp\htdocs\Htschools\wordpress\wp-includes\class-wp-hook.php(287): bp_course_directory_setup('')
#4 C:\xampp\htdocs\Htschools\wordpress\wp-includes\class-wp-hook.php(311): WP_Hook->apply_filters(NULL, Array)
#5 C:\xampp\htdocs\Htschools\wordpress\wp-includes\plugin.php(484): WP_Hook->do_action(Array)
#6 C:\xampp\htdocs\Htschools\wordpress\wp-content\plugins\buddypress\bp-core\bp-core-dependency.php(373): do_action('bp_screens')
#7 C:\xampp\htdocs in C:\xampp\htdocs\Htschools\wordpress\wp-content\themes\ht-schools\course\index.php on line 17

2021-03-15T17:56:12+00:00 CRITICAL Uncaught Error: Call to undefined function vibe_get_customizer() in C:\xampp\htdocs\Htschools\wordpress\wp-content\themes\ht-schools\course\index.php:17
Stack trace:
#0 C:\xampp\htdocs\Htschools\wordpress\wp-includes\template.php(730): require_once()
#1 C:\xampp\htdocs\Htschools\wordpress\wp-content\plugins\buddypress\bp-core\bp-core-catchuri.php(493): load_template('C:\\xampp\\htdocs...')
#2 C:\xampp\htdocs\Htschools\wordpress\wp-content\plugins\wplms_plugin\includes\vibe-course-module\includes\bp-course-screens.php(29): bp_core_load_template('course/index')
#3 C:\xampp\htdocs\Htschools\wordpress\wp-includes\class-wp-hook.php(287): bp_course_directory_setup('')
#4 C:\xampp\htdocs\Htschools\wordpress\wp-includes\class-wp-hook.php(311): WP_Hook->apply_filters(NULL, Array)
#5 C:\xampp\htdocs\Htschools\wordpress\wp-includes\plugin.php(484): WP_Hook->do_action(Array)
#6 C:\xampp\htdocs\Htschools\wordpress\wp-content\plugins\buddypress\bp-core\bp-core-dependency.php(373): do_action('bp_screens')
#7 C:\xampp\htdocs in C:\xampp\htdocs\Htschools\wordpress\wp-content\themes\ht-schools\course\index.php on line 17

2021-03-15T17:56:26+00:00 CRITICAL Uncaught Error: Call to undefined function vibe_get_customizer() in C:\xampp\htdocs\Htschools\wordpress\wp-content\themes\ht-schools\course\index.php:17
Stack trace:
#0 C:\xampp\htdocs\Htschools\wordpress\wp-includes\template.php(730): require_once()
#1 C:\xampp\htdocs\Htschools\wordpress\wp-content\plugins\buddypress\bp-core\bp-core-catchuri.php(493): load_template('C:\\xampp\\htdocs...')
#2 C:\xampp\htdocs\Htschools\wordpress\wp-content\plugins\wplms_plugin\includes\vibe-course-module\includes\bp-course-screens.php(29): bp_core_load_template('course/index')
#3 C:\xampp\htdocs\Htschools\wordpress\wp-includes\class-wp-hook.php(287): bp_course_directory_setup('')
#4 C:\xampp\htdocs\Htschools\wordpress\wp-includes\class-wp-hook.php(311): WP_Hook->apply_filters(NULL, Array)
#5 C:\xampp\htdocs\Htschools\wordpress\wp-includes\plugin.php(484): WP_Hook->do_action(Array)
#6 C:\xampp\htdocs\Htschools\wordpress\wp-content\plugins\buddypress\bp-core\bp-core-dependency.php(373): do_action('bp_screens')
#7 C:\xampp\htdocs in C:\xampp\htdocs\Htschools\wordpress\wp-content\themes\ht-schools\course\index.php on line 17

2021-03-15T17:56:32+00:00 CRITICAL Uncaught Error: Call to undefined function vibe_get_customizer() in C:\xampp\htdocs\Htschools\wordpress\wp-content\themes\ht-schools\course\index.php:17
Stack trace:
#0 C:\xampp\htdocs\Htschools\wordpress\wp-includes\template.php(730): require_once()
#1 C:\xampp\htdocs\Htschools\wordpress\wp-content\plugins\buddypress\bp-core\bp-core-catchuri.php(493): load_template('C:\\xampp\\htdocs...')
#2 C:\xampp\htdocs\Htschools\wordpress\wp-content\plugins\wplms_plugin\includes\vibe-course-module\includes\bp-course-screens.php(29): bp_core_load_template('course/index')
#3 C:\xampp\htdocs\Htschools\wordpress\wp-includes\class-wp-hook.php(287): bp_course_directory_setup('')
#4 C:\xampp\htdocs\Htschools\wordpress\wp-includes\class-wp-hook.php(311): WP_Hook->apply_filters(NULL, Array)
#5 C:\xampp\htdocs\Htschools\wordpress\wp-includes\plugin.php(484): WP_Hook->do_action(Array)
#6 C:\xampp\htdocs\Htschools\wordpress\wp-content\plugins\buddypress\bp-core\bp-core-dependency.php(373): do_action('bp_screens')
#7 C:\xampp\htdocs in C:\xampp\htdocs\Htschools\wordpress\wp-content\themes\ht-schools\course\index.php on line 17

2021-03-15T17:56:43+00:00 CRITICAL Uncaught Error: Call to undefined function vibe_get_customizer() in C:\xampp\htdocs\Htschools\wordpress\wp-content\themes\ht-schools\course\index.php:17
Stack trace:
#0 C:\xampp\htdocs\Htschools\wordpress\wp-includes\template.php(730): require_once()
#1 C:\xampp\htdocs\Htschools\wordpress\wp-content\plugins\buddypress\bp-core\bp-core-catchuri.php(493): load_template('C:\\xampp\\htdocs...')
#2 C:\xampp\htdocs\Htschools\wordpress\wp-content\plugins\wplms_plugin\includes\vibe-course-module\includes\bp-course-screens.php(29): bp_core_load_template('course/index')
#3 C:\xampp\htdocs\Htschools\wordpress\wp-includes\class-wp-hook.php(287): bp_course_directory_setup('')
#4 C:\xampp\htdocs\Htschools\wordpress\wp-includes\class-wp-hook.php(311): WP_Hook->apply_filters(NULL, Array)
#5 C:\xampp\htdocs\Htschools\wordpress\wp-includes\plugin.php(484): WP_Hook->do_action(Array)
#6 C:\xampp\htdocs\Htschools\wordpress\wp-content\plugins\buddypress\bp-core\bp-core-dependency.php(373): do_action('bp_screens')
#7 C:\xampp\htdocs in C:\xampp\htdocs\Htschools\wordpress\wp-content\themes\ht-schools\course\index.php on line 17

2021-03-15T17:57:29+00:00 CRITICAL Uncaught Error: Class 'Elementor\Frontend' not found in C:\xampp\htdocs\Htschools\wordpress\wp-content\plugins\wplms_plugin\includes\class.actions.php:383
Stack trace:
#0 C:\xampp\htdocs\Htschools\wordpress\wp-includes\class-wp-hook.php(287): WPLMS_4_Actions->course_content('<a href="https:...')
#1 C:\xampp\htdocs\Htschools\wordpress\wp-includes\plugin.php(212): WP_Hook->apply_filters('<strong>Fusce i...', Array)
#2 C:\xampp\htdocs\Htschools\wordpress\wp-includes\post-template.php(253): apply_filters('the_content', '<strong>Fusce i...')
#3 C:\xampp\htdocs\Htschools\wordpress\wp-content\plugins\wplms_plugin\includes\vibe-course-module\includes\templates\course\index.php(15): the_content()
#4 C:\xampp\htdocs\Htschools\wordpress\wp-includes\template.php(730): require_once('C:\\xampp\\htdocs...')
#5 C:\xampp\htdocs\Htschools\wordpress\wp-content\plugins\buddypress\bp-core\bp-core-catchuri.php(493): load_template('C:\\xampp\\htdocs...')
#6 C:\xampp\htdocs\Htschools\wordpress\wp-content\plugins\wplms_plugin\include in C:\xampp\htdocs\Htschools\wordpress\wp-content\plugins\wplms_plugin\includes\class.actions.php on line 383

