2021-03-16T04:32:27+00:00 CRITICAL Uncaught Error: Call to undefined function vibe_get_customizer() in C:\xampp\htdocs\Htschools\wordpress\wp-content\themes\ht-schools\course\index.php:17
Stack trace:
#0 C:\xampp\htdocs\Htschools\wordpress\wp-includes\template.php(730): require_once()
#1 C:\xampp\htdocs\Htschools\wordpress\wp-content\plugins\buddypress\bp-core\bp-core-catchuri.php(493): load_template('C:\\xampp\\htdocs...')
#2 C:\xampp\htdocs\Htschools\wordpress\wp-content\plugins\wplms_plugin\includes\vibe-course-module\includes\bp-course-screens.php(29): bp_core_load_template('course/index')
#3 C:\xampp\htdocs\Htschools\wordpress\wp-includes\class-wp-hook.php(287): bp_course_directory_setup('')
#4 C:\xampp\htdocs\Htschools\wordpress\wp-includes\class-wp-hook.php(311): WP_Hook->apply_filters(NULL, Array)
#5 C:\xampp\htdocs\Htschools\wordpress\wp-includes\plugin.php(484): WP_Hook->do_action(Array)
#6 C:\xampp\htdocs\Htschools\wordpress\wp-content\plugins\buddypress\bp-core\bp-core-dependency.php(373): do_action('bp_screens')
#7 C:\xampp\htdocs in C:\xampp\htdocs\Htschools\wordpress\wp-content\themes\ht-schools\course\index.php on line 17

2021-03-16T04:32:30+00:00 CRITICAL Uncaught Error: Call to undefined function vibe_get_customizer() in C:\xampp\htdocs\Htschools\wordpress\wp-content\themes\ht-schools\course\index.php:17
Stack trace:
#0 C:\xampp\htdocs\Htschools\wordpress\wp-includes\template.php(730): require_once()
#1 C:\xampp\htdocs\Htschools\wordpress\wp-content\plugins\buddypress\bp-core\bp-core-catchuri.php(493): load_template('C:\\xampp\\htdocs...')
#2 C:\xampp\htdocs\Htschools\wordpress\wp-content\plugins\wplms_plugin\includes\vibe-course-module\includes\bp-course-screens.php(29): bp_core_load_template('course/index')
#3 C:\xampp\htdocs\Htschools\wordpress\wp-includes\class-wp-hook.php(287): bp_course_directory_setup('')
#4 C:\xampp\htdocs\Htschools\wordpress\wp-includes\class-wp-hook.php(311): WP_Hook->apply_filters(NULL, Array)
#5 C:\xampp\htdocs\Htschools\wordpress\wp-includes\plugin.php(484): WP_Hook->do_action(Array)
#6 C:\xampp\htdocs\Htschools\wordpress\wp-content\plugins\buddypress\bp-core\bp-core-dependency.php(373): do_action('bp_screens')
#7 C:\xampp\htdocs in C:\xampp\htdocs\Htschools\wordpress\wp-content\themes\ht-schools\course\index.php on line 17

