2021-03-12T05:36:04+00:00 CRITICAL syntax error, unexpected '$url' (T_VARIABLE) in C:\xampp\htdocs\Htschools\wordpress\wp-content\themes\ht-schools\index.php on line 311

2021-03-12T05:36:22+00:00 CRITICAL syntax error, unexpected 'endwhile' (T_ENDWHILE) in C:\xampp\htdocs\Htschools\wordpress\wp-content\themes\ht-schools\index.php on line 312

2021-03-12T05:43:21+00:00 CRITICAL syntax error, unexpected '''' (T_CONSTANT_ENCAPSED_STRING), expecting ',' or ';' in C:\xampp\htdocs\Htschools\wordpress\wp-content\themes\ht-schools\index.php on line 244

2021-03-12T05:44:20+00:00 CRITICAL syntax error, unexpected 'if' (T_IF) in C:\xampp\htdocs\Htschools\wordpress\wp-content\themes\ht-schools\index.php on line 273

2021-03-12T06:28:38+00:00 CRITICAL syntax error, unexpected end of file in C:\xampp\htdocs\Htschools\wordpress\wp-content\themes\ht-schools\index.php on line 371

2021-03-12T06:29:16+00:00 CRITICAL syntax error, unexpected end of file in C:\xampp\htdocs\Htschools\wordpress\wp-content\themes\ht-schools\index.php on line 371

2021-03-12T06:38:50+00:00 CRITICAL syntax error, unexpected '}', expecting end of file in C:\xampp\htdocs\Htschools\wordpress\wp-content\themes\ht-schools\index.php on line 283

2021-03-12T07:09:06+00:00 CRITICAL Uncaught Error: Call to undefined function register_home() in C:\xampp\htdocs\Htschools\wordpress\wp-content\themes\ht-schools\functions.php:157
Stack trace:
#0 C:\xampp\htdocs\Htschools\wordpress\wp-includes\class-wp-hook.php(287): wp_bootstrap_starter_widgets_init('')
#1 C:\xampp\htdocs\Htschools\wordpress\wp-includes\class-wp-hook.php(311): WP_Hook->apply_filters(NULL, Array)
#2 C:\xampp\htdocs\Htschools\wordpress\wp-includes\plugin.php(484): WP_Hook->do_action(Array)
#3 C:\xampp\htdocs\Htschools\wordpress\wp-includes\widgets.php(1795): do_action('widgets_init')
#4 C:\xampp\htdocs\Htschools\wordpress\wp-includes\class-wp-hook.php(287): wp_widgets_init('')
#5 C:\xampp\htdocs\Htschools\wordpress\wp-includes\class-wp-hook.php(311): WP_Hook->apply_filters(NULL, Array)
#6 C:\xampp\htdocs\Htschools\wordpress\wp-includes\plugin.php(484): WP_Hook->do_action(Array)
#7 C:\xampp\htdocs\Htschools\wordpress\wp-settings.php(557): do_action('init')
#8 C:\xampp\htdocs\Htschools\wordpress\wp-config.php(90): require_once('C in C:\xampp\htdocs\Htschools\wordpress\wp-content\themes\ht-schools\functions.php on line 157

2021-03-12T07:09:07+00:00 CRITICAL Uncaught Error: Call to undefined function register_home() in C:\xampp\htdocs\Htschools\wordpress\wp-content\themes\ht-schools\functions.php:157
Stack trace:
#0 C:\xampp\htdocs\Htschools\wordpress\wp-includes\class-wp-hook.php(287): wp_bootstrap_starter_widgets_init('')
#1 C:\xampp\htdocs\Htschools\wordpress\wp-includes\class-wp-hook.php(311): WP_Hook->apply_filters(NULL, Array)
#2 C:\xampp\htdocs\Htschools\wordpress\wp-includes\plugin.php(484): WP_Hook->do_action(Array)
#3 C:\xampp\htdocs\Htschools\wordpress\wp-includes\widgets.php(1795): do_action('widgets_init')
#4 C:\xampp\htdocs\Htschools\wordpress\wp-includes\class-wp-hook.php(287): wp_widgets_init('')
#5 C:\xampp\htdocs\Htschools\wordpress\wp-includes\class-wp-hook.php(311): WP_Hook->apply_filters(NULL, Array)
#6 C:\xampp\htdocs\Htschools\wordpress\wp-includes\plugin.php(484): WP_Hook->do_action(Array)
#7 C:\xampp\htdocs\Htschools\wordpress\wp-settings.php(557): do_action('init')
#8 C:\xampp\htdocs\Htschools\wordpress\wp-config.php(90): require_once('C in C:\xampp\htdocs\Htschools\wordpress\wp-content\themes\ht-schools\functions.php on line 157

2021-03-12T09:38:40+00:00 CRITICAL syntax error, unexpected 'if' (T_IF) in C:\xampp\htdocs\Htschools\wordpress\wp-content\themes\ht-schools\index.php on line 102

2021-03-12T09:39:06+00:00 CRITICAL Uncaught Error: Call to a member function have_posts() on null in C:\xampp\htdocs\Htschools\wordpress\wp-content\themes\ht-schools\index.php:102
Stack trace:
#0 C:\xampp\htdocs\Htschools\wordpress\wp-includes\template-loader.php(106): include()
#1 C:\xampp\htdocs\Htschools\wordpress\wp-blog-header.php(19): require_once('C:\\xampp\\htdocs...')
#2 C:\xampp\htdocs\Htschools\wordpress\index.php(17): require('C:\\xampp\\htdocs...')
#3 {main}
  thrown in C:\xampp\htdocs\Htschools\wordpress\wp-content\themes\ht-schools\index.php on line 102

2021-03-12T09:39:22+00:00 CRITICAL Uncaught Error: Call to a member function have_posts() on null in C:\xampp\htdocs\Htschools\wordpress\wp-content\themes\ht-schools\index.php:102
Stack trace:
#0 C:\xampp\htdocs\Htschools\wordpress\wp-includes\template-loader.php(106): include()
#1 C:\xampp\htdocs\Htschools\wordpress\wp-blog-header.php(19): require_once('C:\\xampp\\htdocs...')
#2 C:\xampp\htdocs\Htschools\wordpress\index.php(17): require('C:\\xampp\\htdocs...')
#3 {main}
  thrown in C:\xampp\htdocs\Htschools\wordpress\wp-content\themes\ht-schools\index.php on line 102

2021-03-12T09:48:28+00:00 CRITICAL syntax error, unexpected 'if' (T_IF) in C:\xampp\htdocs\Htschools\wordpress\wp-content\themes\ht-schools\index.php on line 104

2021-03-12T10:50:06+00:00 CRITICAL syntax error, unexpected 'if' (T_IF) in C:\xampp\htdocs\Htschools\wordpress\wp-content\themes\ht-schools\index.php on line 103

2021-03-12T10:56:01+00:00 CRITICAL Uncaught Error: Call to undefined function category_name() in C:\xampp\htdocs\Htschools\wordpress\wp-content\themes\ht-schools\index.php:121
Stack trace:
#0 C:\xampp\htdocs\Htschools\wordpress\wp-includes\template-loader.php(106): include()
#1 C:\xampp\htdocs\Htschools\wordpress\wp-blog-header.php(19): require_once('C:\\xampp\\htdocs...')
#2 C:\xampp\htdocs\Htschools\wordpress\index.php(17): require('C:\\xampp\\htdocs...')
#3 {main}
  thrown in C:\xampp\htdocs\Htschools\wordpress\wp-content\themes\ht-schools\index.php on line 121

2021-03-12T10:56:20+00:00 CRITICAL Uncaught Error: Call to undefined function category_name() in C:\xampp\htdocs\Htschools\wordpress\wp-content\themes\ht-schools\index.php:121
Stack trace:
#0 C:\xampp\htdocs\Htschools\wordpress\wp-includes\template-loader.php(106): include()
#1 C:\xampp\htdocs\Htschools\wordpress\wp-blog-header.php(19): require_once('C:\\xampp\\htdocs...')
#2 C:\xampp\htdocs\Htschools\wordpress\index.php(17): require('C:\\xampp\\htdocs...')
#3 {main}
  thrown in C:\xampp\htdocs\Htschools\wordpress\wp-content\themes\ht-schools\index.php on line 121

2021-03-12T13:19:05+00:00 CRITICAL Uncaught ArgumentCountError: Too few arguments to function wpgood_nav_search(), 0 passed in C:\xampp\htdocs\Htschools\wordpress\wp-includes\class-wp-hook.php on line 285 and exactly 2 expected in C:\xampp\htdocs\Htschools\wordpress\wp-content\themes\ht-schools\functions.php:320
Stack trace:
#0 C:\xampp\htdocs\Htschools\wordpress\wp-includes\class-wp-hook.php(285): wpgood_nav_search()
#1 C:\xampp\htdocs\Htschools\wordpress\wp-includes\plugin.php(212): WP_Hook->apply_filters('<li itemscope="...', Array)
#2 C:\xampp\htdocs\Htschools\wordpress\wp-includes\nav-menu-template.php(259): apply_filters('wp_nav_menu_ite...', '<li itemscope="...', Object(stdClass))
#3 C:\xampp\htdocs\Htschools\wordpress\wp-content\themes\ht-schools\header.php(50): wp_nav_menu(Object(stdClass))
#4 C:\xampp\htdocs\Htschools\wordpress\wp-includes\template.php(730): require_once('C:\\xampp\\htdocs...')
#5 C:\xampp\htdocs\Htschools\wordpress\wp-includes\template.php(676): load_template('C:\\xampp\\htdocs...', true, Array)
#6 C:\xampp\htdocs\H in C:\xampp\htdocs\Htschools\wordpress\wp-content\themes\ht-schools\functions.php on line 320

2021-03-12T14:14:10+00:00 CRITICAL syntax error, unexpected '}', expecting end of file in C:\xampp\htdocs\Htschools\wordpress\wp-content\themes\ht-schools\functions.php on line 339

2021-03-12T18:24:38+00:00 CRITICAL syntax error, unexpected 'if' (T_IF) in C:\xampp\htdocs\Htschools\wordpress\wp-content\themes\ht-schools\index.php on line 157

