2021-03-11T10:15:37+00:00 CRITICAL syntax error, unexpected ';', expecting ',' or ')' in C:\xampp\htdocs\Htschools\wordpress\wp-content\themes\ht-schools\index.php on line 246

2021-03-11T10:15:55+00:00 CRITICAL syntax error, unexpected ';', expecting ',' or ')' in C:\xampp\htdocs\Htschools\wordpress\wp-content\themes\ht-schools\index.php on line 246

2021-03-11T10:39:59+00:00 CRITICAL syntax error, unexpected 'endif' (T_ENDIF) in C:\xampp\htdocs\Htschools\wordpress\wp-content\themes\ht-schools\index.php on line 266

2021-03-11T10:40:19+00:00 CRITICAL syntax error, unexpected 'endif' (T_ENDIF) in C:\xampp\htdocs\Htschools\wordpress\wp-content\themes\ht-schools\index.php on line 268

2021-03-11T11:57:59+00:00 CRITICAL Uncaught Error: Call to a member function have_posts() on null in C:\xampp\htdocs\Htschools\wordpress\wp-content\themes\ht-schools\index.php:218
Stack trace:
#0 C:\xampp\htdocs\Htschools\wordpress\wp-includes\template-loader.php(106): include()
#1 C:\xampp\htdocs\Htschools\wordpress\wp-blog-header.php(19): require_once('C:\\xampp\\htdocs...')
#2 C:\xampp\htdocs\Htschools\wordpress\index.php(17): require('C:\\xampp\\htdocs...')
#3 {main}
  thrown in C:\xampp\htdocs\Htschools\wordpress\wp-content\themes\ht-schools\index.php on line 218

2021-03-11T12:13:45+00:00 CRITICAL Uncaught Error: Call to undefined function post_content() in C:\xampp\htdocs\Htschools\wordpress\wp-content\themes\ht-schools\index.php:232
Stack trace:
#0 C:\xampp\htdocs\Htschools\wordpress\wp-includes\template-loader.php(106): include()
#1 C:\xampp\htdocs\Htschools\wordpress\wp-blog-header.php(19): require_once('C:\\xampp\\htdocs...')
#2 C:\xampp\htdocs\Htschools\wordpress\index.php(17): require('C:\\xampp\\htdocs...')
#3 {main}
  thrown in C:\xampp\htdocs\Htschools\wordpress\wp-content\themes\ht-schools\index.php on line 232

2021-03-11T12:17:33+00:00 CRITICAL Uncaught Error: Call to undefined function post_content() in C:\xampp\htdocs\Htschools\wordpress\wp-content\themes\ht-schools\index.php:232
Stack trace:
#0 C:\xampp\htdocs\Htschools\wordpress\wp-includes\template-loader.php(106): include()
#1 C:\xampp\htdocs\Htschools\wordpress\wp-blog-header.php(19): require_once('C:\\xampp\\htdocs...')
#2 C:\xampp\htdocs\Htschools\wordpress\index.php(17): require('C:\\xampp\\htdocs...')
#3 {main}
  thrown in C:\xampp\htdocs\Htschools\wordpress\wp-content\themes\ht-schools\index.php on line 232

2021-03-11T12:18:15+00:00 CRITICAL Uncaught Error: Call to undefined function post_content() in C:\xampp\htdocs\Htschools\wordpress\wp-content\themes\ht-schools\index.php:232
Stack trace:
#0 C:\xampp\htdocs\Htschools\wordpress\wp-includes\template-loader.php(106): include()
#1 C:\xampp\htdocs\Htschools\wordpress\wp-blog-header.php(19): require_once('C:\\xampp\\htdocs...')
#2 C:\xampp\htdocs\Htschools\wordpress\index.php(17): require('C:\\xampp\\htdocs...')
#3 {main}
  thrown in C:\xampp\htdocs\Htschools\wordpress\wp-content\themes\ht-schools\index.php on line 232

2021-03-11T12:30:05+00:00 CRITICAL Uncaught Error: Call to undefined function get_cta_text() in C:\xampp\htdocs\Htschools\wordpress\wp-content\themes\ht-schools\index.php:233
Stack trace:
#0 C:\xampp\htdocs\Htschools\wordpress\wp-includes\template-loader.php(106): include()
#1 C:\xampp\htdocs\Htschools\wordpress\wp-blog-header.php(19): require_once('C:\\xampp\\htdocs...')
#2 C:\xampp\htdocs\Htschools\wordpress\index.php(17): require('C:\\xampp\\htdocs...')
#3 {main}
  thrown in C:\xampp\htdocs\Htschools\wordpress\wp-content\themes\ht-schools\index.php on line 233

2021-03-11T13:30:15+00:00 CRITICAL Uncaught Error: Call to undefined function get_option_value() in C:\xampp\htdocs\Htschools\wordpress\wp-content\themes\ht-schools\index.php:232
Stack trace:
#0 C:\xampp\htdocs\Htschools\wordpress\wp-includes\template-loader.php(106): include()
#1 C:\xampp\htdocs\Htschools\wordpress\wp-blog-header.php(19): require_once('C:\\xampp\\htdocs...')
#2 C:\xampp\htdocs\Htschools\wordpress\index.php(17): require('C:\\xampp\\htdocs...')
#3 {main}
  thrown in C:\xampp\htdocs\Htschools\wordpress\wp-content\themes\ht-schools\index.php on line 232

2021-03-11T13:33:29+00:00 CRITICAL Uncaught Error: Call to undefined method WP_Post::have_posts() in C:\xampp\htdocs\Htschools\wordpress\wp-content\themes\ht-schools\index.php:220
Stack trace:
#0 C:\xampp\htdocs\Htschools\wordpress\wp-includes\template-loader.php(106): include()
#1 C:\xampp\htdocs\Htschools\wordpress\wp-blog-header.php(19): require_once('C:\\xampp\\htdocs...')
#2 C:\xampp\htdocs\Htschools\wordpress\index.php(17): require('C:\\xampp\\htdocs...')
#3 {main}
  thrown in C:\xampp\htdocs\Htschools\wordpress\wp-content\themes\ht-schools\index.php on line 220

2021-03-11T13:42:14+00:00 CRITICAL Uncaught Error: Call to undefined function get_post_title() in C:\xampp\htdocs\Htschools\wordpress\wp-content\themes\ht-schools\index.php:232
Stack trace:
#0 C:\xampp\htdocs\Htschools\wordpress\wp-includes\template-loader.php(106): include()
#1 C:\xampp\htdocs\Htschools\wordpress\wp-blog-header.php(19): require_once('C:\\xampp\\htdocs...')
#2 C:\xampp\htdocs\Htschools\wordpress\index.php(17): require('C:\\xampp\\htdocs...')
#3 {main}
  thrown in C:\xampp\htdocs\Htschools\wordpress\wp-content\themes\ht-schools\index.php on line 232

2021-03-11T13:42:31+00:00 CRITICAL Uncaught Error: Call to undefined function get_post_title() in C:\xampp\htdocs\Htschools\wordpress\wp-content\themes\ht-schools\index.php:232
Stack trace:
#0 C:\xampp\htdocs\Htschools\wordpress\wp-includes\template-loader.php(106): include()
#1 C:\xampp\htdocs\Htschools\wordpress\wp-blog-header.php(19): require_once('C:\\xampp\\htdocs...')
#2 C:\xampp\htdocs\Htschools\wordpress\index.php(17): require('C:\\xampp\\htdocs...')
#3 {main}
  thrown in C:\xampp\htdocs\Htschools\wordpress\wp-content\themes\ht-schools\index.php on line 232

2021-03-11T14:02:15+00:00 CRITICAL syntax error, unexpected 'id' (T_STRING), expecting ']' in C:\xampp\htdocs\Htschools\wordpress\wp-content\themes\ht-schools\index.php on line 218

2021-03-11T14:51:17+00:00 CRITICAL syntax error, unexpected '<' in C:\xampp\htdocs\Htschools\wordpress\wp-content\themes\ht-schools\index.php on line 220

2021-03-11T14:52:27+00:00 CRITICAL syntax error, unexpected 'id' (T_STRING), expecting ']' in C:\xampp\htdocs\Htschools\wordpress\wp-content\themes\ht-schools\index.php on line 220

2021-03-11T16:15:20+00:00 CRITICAL syntax error, unexpected ';', expecting ',' or ')' in C:\xampp\htdocs\Htschools\wordpress\wp-content\themes\ht-schools\index.php on line 217

2021-03-11T16:21:35+00:00 CRITICAL syntax error, unexpected ';', expecting ',' or ')' in C:\xampp\htdocs\Htschools\wordpress\wp-content\themes\ht-schools\index.php on line 217

